2021-10-24 18:59:40 - Loading interaction records from folder: D:/OneDrive - mail.ustc.edu.cn/PythonProjects/GCM-master/dataset/Amazon-Book/ 
2021-10-24 18:59:54 - 
num_user_features=0
num_user_fields=0
num_item_features=24816
num_item_fields=2
num_context_features=46900
num_context_fields=5
2021-10-24 18:59:54 - context feature name: year,month,day,DOW,last
2021-10-24 19:00:01 - "num_users": 44709,"num_items":46831,"num_valid_items":46831, "num_ratings":1174785
2021-10-24 19:00:01 - Data Loading is Done!
2021-10-24 19:00:01 - HyperParamters:
dataset=Amazon-Book
epoch=300
batch_size=2048
test_batch_size=10000
hidden_factor=64
merge_type=sum
num_gcn_layers=2
gcn_layer_weight=[0.3333333333333333, 0.3333333333333333, 0.3333333333333333]
lr=0.001
loss_type=log_loss
num_negatives=2
decoder_type=FM
optimizer=AdamOptimizer
reg=0.001
adj_norm_type=ls
test_interval=1
stop_cnt=50
topk=[10,50]
init_method=xavier_normal
stddev=0.01
pretrain=0
save_flag=0
model_name=GCM
2021-10-24 19:00:10 - ########################### begin training ###########################
2021-10-24 19:00:10 - metrics:	HitRatio@10 	HitRatio@50 	NDCG@10     	NDCG@50     	MRR@10      	MRR@50      
2021-10-24 19:16:12 - epoch 0:	0.0056      	0.0233      	0.0026      	0.0063      	0.0017      	0.0024      
2021-10-24 19:20:29 - [iter 1 : loss: 0.311249 = 0.310224 + 0.001026, time: 255.6 = 6.1 + 249.5]
2021-10-24 19:20:36 - [Validation loss @ 1: 0.3324 = 0.3319 + 0.0005]
2021-10-24 19:36:30 - Find a better model.
2021-10-24 19:36:30 - epoch 1:	0.0510      	0.1420      	0.0265      	0.0460      	0.0191      	0.0230      
2021-10-24 19:40:24 - [iter 2 : loss: 0.193417 = 0.190930 + 0.002487, time: 233.9 = 6.3 + 227.6]
2021-10-24 19:40:25 - [Validation loss @ 2: 0.3265 = 0.3256 + 0.0009]
2021-10-24 19:56:29 - Find a better model.
2021-10-24 19:56:29 - epoch 2:	0.0635      	0.1685      	0.0335      	0.0561      	0.0245      	0.0290      
2021-10-24 20:00:22 - [iter 3 : loss: 0.156630 = 0.153106 + 0.003525, time: 233.3 = 6.6 + 226.7]
2021-10-24 20:00:23 - [Validation loss @ 3: 0.3503 = 0.3491 + 0.0012]
2021-10-24 20:16:16 - Find a better model.
2021-10-24 20:16:16 - epoch 3:	0.0718      	0.1838      	0.0383      	0.0624      	0.0282      	0.0331      
2021-10-24 20:20:04 - [iter 4 : loss: 0.133515 = 0.129265 + 0.004250, time: 228.9 = 6.2 + 222.8]
2021-10-24 20:20:05 - [Validation loss @ 4: 0.3652 = 0.3637 + 0.0015]
2021-10-24 20:35:54 - Find a better model.
2021-10-24 20:35:54 - epoch 4:	0.0779      	0.1977      	0.0422      	0.0680      	0.0315      	0.0366      
2021-10-24 20:39:44 - [iter 5 : loss: 0.116069 = 0.111321 + 0.004747, time: 229.4 = 6.2 + 223.2]
2021-10-24 20:39:45 - [Validation loss @ 5: 0.4085 = 0.4067 + 0.0018]
2021-10-24 20:55:25 - Find a better model.
2021-10-24 20:55:25 - epoch 5:	0.0785      	0.1991      	0.0429      	0.0687      	0.0321      	0.0373      
2021-10-24 20:59:14 - [iter 6 : loss: 0.102712 = 0.097627 + 0.005085, time: 228.9 = 6.1 + 222.8]
2021-10-24 20:59:15 - [Validation loss @ 6: 0.4583 = 0.4563 + 0.0020]
2021-10-24 21:15:06 - Find a better model.
2021-10-24 21:15:06 - epoch 6:	0.0840      	0.2096      	0.0459      	0.0729      	0.0344      	0.0398      
2021-10-24 21:18:55 - [iter 7 : loss: 0.092697 = 0.087387 + 0.005310, time: 229.1 = 6.2 + 223.0]
2021-10-24 21:18:56 - [Validation loss @ 7: 0.4934 = 0.4912 + 0.0022]
2021-10-24 21:34:37 - epoch 7:	0.0836      	0.2082      	0.0457      	0.0726      	0.0343      	0.0397      
2021-10-24 21:38:26 - [iter 8 : loss: 0.084855 = 0.079408 + 0.005448, time: 229.3 = 6.3 + 223.0]
2021-10-24 21:38:27 - [Validation loss @ 8: 0.5493 = 0.5468 + 0.0024]
2021-10-24 21:54:16 - Find a better model.
2021-10-24 21:54:16 - epoch 8:	0.0874      	0.2156      	0.0479      	0.0755      	0.0360      	0.0416      
2021-10-24 21:58:07 - [iter 9 : loss: 0.078344 = 0.072814 + 0.005531, time: 230.9 = 6.1 + 224.8]
2021-10-24 21:58:08 - [Validation loss @ 9: 0.5771 = 0.5744 + 0.0026]
2021-10-24 22:13:54 - Find a better model.
2021-10-24 22:13:54 - epoch 9:	0.0883      	0.2186      	0.0481      	0.0762      	0.0360      	0.0416      
2021-10-24 22:17:44 - [iter 10 : loss: 0.072861 = 0.067278 + 0.005583, time: 229.9 = 6.3 + 223.6]
2021-10-24 22:17:44 - [Validation loss @ 10: 0.6167 = 0.6139 + 0.0028]
2021-10-24 22:33:30 - epoch 10:	0.0875      	0.2180      	0.0482      	0.0762      	0.0363      	0.0419      
2021-10-24 22:37:19 - [iter 11 : loss: 0.068088 = 0.062472 + 0.005616, time: 229.0 = 6.1 + 222.9]
2021-10-24 22:37:19 - [Validation loss @ 11: 0.6756 = 0.6726 + 0.0030]
2021-10-24 22:53:01 - Find a better model.
2021-10-24 22:53:01 - epoch 11:	0.0886      	0.2198      	0.0486      	0.0768      	0.0365      	0.0422      
2021-10-24 22:56:50 - [iter 12 : loss: 0.064348 = 0.058709 + 0.005639, time: 229.3 = 6.1 + 223.2]
2021-10-24 22:56:51 - [Validation loss @ 12: 0.6980 = 0.6948 + 0.0032]
2021-10-24 23:12:39 - Find a better model.
2021-10-24 23:12:39 - epoch 12:	0.0899      	0.2195      	0.0494      	0.0774      	0.0372      	0.0429      
2021-10-24 23:16:27 - [iter 13 : loss: 0.061828 = 0.056161 + 0.005667, time: 228.3 = 6.1 + 222.2]
2021-10-24 23:16:28 - [Validation loss @ 13: 0.7425 = 0.7392 + 0.0033]
2021-10-24 23:32:15 - Find a better model.
2021-10-24 23:32:15 - epoch 13:	0.0907      	0.2213      	0.0498      	0.0780      	0.0375      	0.0432      
2021-10-24 23:36:03 - [iter 14 : loss: 0.058659 = 0.052964 + 0.005696, time: 228.6 = 6.1 + 222.5]
2021-10-24 23:36:04 - [Validation loss @ 14: 0.7687 = 0.7652 + 0.0035]
2021-10-24 23:51:54 - Find a better model.
2021-10-24 23:51:54 - epoch 14:	0.0914      	0.2213      	0.0499      	0.0779      	0.0374      	0.0430      
2021-10-24 23:55:43 - [iter 15 : loss: 0.056451 = 0.050717 + 0.005734, time: 229.1 = 6.1 + 223.0]
2021-10-24 23:55:44 - [Validation loss @ 15: 0.8331 = 0.8294 + 0.0037]
2021-10-25 00:11:26 - Find a better model.
2021-10-25 00:11:26 - epoch 15:	0.0933      	0.2235      	0.0513      	0.0794      	0.0385      	0.0443      
2021-10-25 00:15:14 - [iter 16 : loss: 0.054074 = 0.048301 + 0.005773, time: 228.8 = 6.1 + 222.7]
2021-10-25 00:15:15 - [Validation loss @ 16: 0.8958 = 0.8919 + 0.0039]
2021-10-25 00:31:04 - Find a better model.
2021-10-25 00:31:04 - epoch 16:	0.0932      	0.2243      	0.0518      	0.0801      	0.0392      	0.0450      
2021-10-25 00:34:52 - [iter 17 : loss: 0.052350 = 0.046523 + 0.005827, time: 228.5 = 6.1 + 222.4]
2021-10-25 00:34:53 - [Validation loss @ 17: 0.9410 = 0.9369 + 0.0041]
2021-10-25 00:50:42 - epoch 17:	0.0920      	0.2230      	0.0505      	0.0787      	0.0379      	0.0436      
2021-10-25 00:54:31 - [iter 18 : loss: 0.050658 = 0.044770 + 0.005888, time: 228.9 = 6.1 + 222.8]
2021-10-25 00:54:31 - [Validation loss @ 18: 0.9819 = 0.9777 + 0.0043]
2021-10-25 01:10:22 - Find a better model.
2021-10-25 01:10:22 - epoch 18:	0.0945      	0.2266      	0.0525      	0.0810      	0.0397      	0.0456      
2021-10-25 01:14:11 - [iter 19 : loss: 0.048993 = 0.043038 + 0.005955, time: 228.5 = 6.1 + 222.4]
2021-10-25 01:14:12 - [Validation loss @ 19: 1.0146 = 1.0101 + 0.0044]
2021-10-25 01:30:00 - epoch 19:	0.0931      	0.2244      	0.0515      	0.0799      	0.0390      	0.0447      
2021-10-25 01:33:49 - [iter 20 : loss: 0.047939 = 0.041906 + 0.006033, time: 228.7 = 6.1 + 222.6]
2021-10-25 01:33:50 - [Validation loss @ 20: 1.0350 = 1.0304 + 0.0046]
2021-10-25 01:49:42 - Find a better model.
2021-10-25 01:49:42 - epoch 20:	0.0949      	0.2275      	0.0527      	0.0814      	0.0399      	0.0457      
2021-10-25 01:53:32 - [iter 21 : loss: 0.046555 = 0.040438 + 0.006116, time: 229.0 = 6.1 + 222.9]
2021-10-25 01:53:33 - [Validation loss @ 21: 1.1112 = 1.1064 + 0.0048]
2021-10-25 02:09:20 - epoch 21:	0.0932      	0.2243      	0.0520      	0.0803      	0.0395      	0.0453      
2021-10-25 02:13:09 - [iter 22 : loss: 0.045504 = 0.039295 + 0.006209, time: 228.8 = 6.1 + 222.6]
2021-10-25 02:13:10 - [Validation loss @ 22: 1.1546 = 1.1497 + 0.0050]
2021-10-25 02:28:57 - epoch 22:	0.0948      	0.2254      	0.0523      	0.0805      	0.0394      	0.0452      
2021-10-25 02:32:46 - [iter 23 : loss: 0.044587 = 0.038282 + 0.006305, time: 229.0 = 6.1 + 222.8]
2021-10-25 02:32:47 - [Validation loss @ 23: 1.2100 = 1.2048 + 0.0052]
2021-10-25 02:48:32 - epoch 23:	0.0941      	0.2249      	0.0524      	0.0808      	0.0398      	0.0457      
2021-10-25 02:52:21 - [iter 24 : loss: 0.043957 = 0.037554 + 0.006403, time: 228.8 = 6.1 + 222.7]
2021-10-25 02:52:21 - [Validation loss @ 24: 1.2490 = 1.2437 + 0.0053]
2021-10-25 03:08:10 - Find a better model.
2021-10-25 03:08:10 - epoch 24:	0.0966      	0.2266      	0.0538      	0.0820      	0.0409      	0.0467      
2021-10-25 03:12:00 - [iter 25 : loss: 0.043087 = 0.036578 + 0.006510, time: 229.5 = 6.1 + 223.4]
2021-10-25 03:12:00 - [Validation loss @ 25: 1.2569 = 1.2513 + 0.0055]
2021-10-25 03:27:52 - epoch 25:	0.0951      	0.2248      	0.0529      	0.0811      	0.0401      	0.0459      
2021-10-25 03:31:41 - [iter 26 : loss: 0.042148 = 0.035536 + 0.006612, time: 229.0 = 6.1 + 222.9]
2021-10-25 03:31:42 - [Validation loss @ 26: 1.3529 = 1.3472 + 0.0057]
2021-10-25 03:47:31 - Find a better model.
2021-10-25 03:47:31 - epoch 26:	0.0970      	0.2264      	0.0541      	0.0821      	0.0410      	0.0468      
2021-10-25 03:51:20 - [iter 27 : loss: 0.041220 = 0.034496 + 0.006723, time: 229.0 = 6.1 + 222.9]
2021-10-25 03:51:21 - [Validation loss @ 27: 1.3534 = 1.3475 + 0.0059]
2021-10-25 04:07:08 - epoch 27:	0.0951      	0.2238      	0.0532      	0.0810      	0.0405      	0.0462      
2021-10-25 04:10:57 - [iter 28 : loss: 0.040778 = 0.033943 + 0.006835, time: 228.7 = 6.1 + 222.7]
2021-10-25 04:10:58 - [Validation loss @ 28: 1.3882 = 1.3822 + 0.0060]
2021-10-25 04:26:51 - epoch 28:	0.0953      	0.2240      	0.0535      	0.0815      	0.0409      	0.0466      
2021-10-25 04:30:40 - [iter 29 : loss: 0.040412 = 0.033461 + 0.006952, time: 229.0 = 6.1 + 222.9]
2021-10-25 04:30:40 - [Validation loss @ 29: 1.4401 = 1.4339 + 0.0062]
2021-10-25 04:46:30 - epoch 29:	0.0958      	0.2223      	0.0535      	0.0809      	0.0407      	0.0463      
2021-10-25 04:50:18 - [iter 30 : loss: 0.039864 = 0.032794 + 0.007069, time: 228.5 = 6.1 + 222.4]
2021-10-25 04:50:19 - [Validation loss @ 30: 1.4464 = 1.4401 + 0.0064]
2021-10-25 05:06:08 - epoch 30:	0.0960      	0.2247      	0.0534      	0.0813      	0.0405      	0.0462      
2021-10-25 05:09:57 - [iter 31 : loss: 0.039250 = 0.032066 + 0.007184, time: 229.2 = 6.1 + 223.1]
2021-10-25 05:09:58 - [Validation loss @ 31: 1.5175 = 1.5110 + 0.0065]
2021-10-25 05:25:47 - epoch 31:	0.0963      	0.2240      	0.0539      	0.0816      	0.0410      	0.0467      
2021-10-25 05:29:36 - [iter 32 : loss: 0.038947 = 0.031644 + 0.007303, time: 229.3 = 6.2 + 223.1]
2021-10-25 05:29:37 - [Validation loss @ 32: 1.5483 = 1.5416 + 0.0067]
2021-10-25 05:45:29 - epoch 32:	0.0961      	0.2246      	0.0539      	0.0818      	0.0410      	0.0468      
2021-10-25 05:49:18 - [iter 33 : loss: 0.038274 = 0.030852 + 0.007422, time: 229.2 = 6.0 + 223.1]
2021-10-25 05:49:19 - [Validation loss @ 33: 1.5274 = 1.5205 + 0.0069]
2021-10-25 06:05:04 - epoch 33:	0.0941      	0.2235      	0.0526      	0.0806      	0.0400      	0.0457      
2021-10-25 06:08:52 - [iter 34 : loss: 0.038212 = 0.030671 + 0.007541, time: 228.8 = 6.1 + 222.7]
2021-10-25 06:08:53 - [Validation loss @ 34: 1.5998 = 1.5928 + 0.0070]
2021-10-25 06:24:43 - epoch 34:	0.0967      	0.2241      	0.0536      	0.0811      	0.0405      	0.0461      
2021-10-25 06:28:32 - [iter 35 : loss: 0.038130 = 0.030469 + 0.007661, time: 229.2 = 6.0 + 223.2]
2021-10-25 06:28:33 - [Validation loss @ 35: 1.6352 = 1.6280 + 0.0072]
2021-10-25 06:44:20 - Find a better model.
2021-10-25 06:44:20 - epoch 35:	0.0974      	0.2257      	0.0546      	0.0825      	0.0416      	0.0473      
2021-10-25 06:48:10 - [iter 36 : loss: 0.037495 = 0.029715 + 0.007779, time: 229.6 = 6.2 + 223.4]
2021-10-25 06:48:10 - [Validation loss @ 36: 1.6785 = 1.6712 + 0.0073]
2021-10-25 07:04:02 - Find a better model.
2021-10-25 07:04:02 - epoch 36:	0.0979      	0.2249      	0.0546      	0.0822      	0.0415      	0.0472      
2021-10-25 07:07:52 - [iter 37 : loss: 0.037405 = 0.029506 + 0.007898, time: 229.1 = 6.1 + 223.0]
2021-10-25 07:07:53 - [Validation loss @ 37: 1.7571 = 1.7496 + 0.0075]
2021-10-25 07:23:40 - epoch 37:	0.0971      	0.2225      	0.0544      	0.0816      	0.0414      	0.0470      
2021-10-25 07:27:29 - [iter 38 : loss: 0.037096 = 0.029074 + 0.008022, time: 228.9 = 6.1 + 222.8]
2021-10-25 07:27:30 - [Validation loss @ 38: 1.7464 = 1.7387 + 0.0077]
2021-10-25 07:43:19 - epoch 38:	0.0974      	0.2224      	0.0546      	0.0818      	0.0417      	0.0473      
2021-10-25 07:47:08 - [iter 39 : loss: 0.036586 = 0.028441 + 0.008145, time: 229.0 = 6.1 + 222.9]
2021-10-25 07:47:09 - [Validation loss @ 39: 1.7786 = 1.7708 + 0.0078]
2021-10-25 08:02:53 - epoch 39:	0.0968      	0.2205      	0.0540      	0.0809      	0.0411      	0.0466      
2021-10-25 08:06:42 - [iter 40 : loss: 0.036575 = 0.028309 + 0.008265, time: 228.9 = 6.1 + 222.8]
2021-10-25 08:06:43 - [Validation loss @ 40: 1.8095 = 1.8016 + 0.0080]
2021-10-25 08:22:39 - epoch 40:	0.0950      	0.2198      	0.0531      	0.0802      	0.0404      	0.0460      
2021-10-25 08:26:32 - [iter 41 : loss: 0.036422 = 0.028039 + 0.008383, time: 233.2 = 6.2 + 227.0]
2021-10-25 08:26:32 - [Validation loss @ 41: 1.8800 = 1.8719 + 0.0081]
2021-10-25 08:42:18 - Find a better model.
2021-10-25 08:42:18 - epoch 41:	0.0983      	0.2222      	0.0550      	0.0819      	0.0419      	0.0475      
2021-10-25 08:46:07 - [iter 42 : loss: 0.036066 = 0.027565 + 0.008501, time: 228.9 = 6.1 + 222.9]
2021-10-25 08:46:08 - [Validation loss @ 42: 1.9132 = 1.9050 + 0.0083]
2021-10-25 09:01:57 - epoch 42:	0.0968      	0.2209      	0.0540      	0.0810      	0.0411      	0.0466      
2021-10-25 09:05:47 - [iter 43 : loss: 0.036564 = 0.027942 + 0.008622, time: 229.2 = 6.1 + 223.1]
2021-10-25 09:05:48 - [Validation loss @ 43: 1.9559 = 1.9475 + 0.0084]
2021-10-25 09:21:29 - epoch 43:	0.0975      	0.2206      	0.0548      	0.0815      	0.0418      	0.0474      
2021-10-25 09:25:18 - [iter 44 : loss: 0.035716 = 0.026980 + 0.008736, time: 228.9 = 6.1 + 222.8]
2021-10-25 09:25:19 - [Validation loss @ 44: 1.9365 = 1.9279 + 0.0085]
2021-10-25 09:41:10 - epoch 44:	0.0954      	0.2198      	0.0535      	0.0805      	0.0407      	0.0463      
2021-10-25 09:44:59 - [iter 45 : loss: 0.035810 = 0.026959 + 0.008851, time: 229.3 = 6.1 + 223.2]
2021-10-25 09:45:00 - [Validation loss @ 45: 1.9647 = 1.9560 + 0.0087]
2021-10-25 10:00:48 - epoch 45:	0.0958      	0.2189      	0.0536      	0.0803      	0.0408      	0.0463      
2021-10-25 10:04:37 - [iter 46 : loss: 0.036271 = 0.027305 + 0.008967, time: 229.1 = 6.1 + 223.0]
2021-10-25 10:04:38 - [Validation loss @ 46: 2.0747 = 2.0659 + 0.0088]
2021-10-25 10:20:28 - epoch 46:	0.0967      	0.2181      	0.0541      	0.0805      	0.0412      	0.0466      
2021-10-25 10:24:17 - [iter 47 : loss: 0.035352 = 0.026269 + 0.009083, time: 229.0 = 6.1 + 222.9]
2021-10-25 10:24:17 - [Validation loss @ 47: 2.0660 = 2.0570 + 0.0090]
2021-10-25 10:40:04 - epoch 47:	0.0963      	0.2169      	0.0542      	0.0803      	0.0414      	0.0468      
2021-10-25 10:43:53 - [iter 48 : loss: 0.035182 = 0.025986 + 0.009197, time: 228.8 = 6.1 + 222.7]
2021-10-25 10:43:54 - [Validation loss @ 48: 2.0386 = 2.0295 + 0.0091]
2021-10-25 10:59:45 - epoch 48:	0.0960      	0.2172      	0.0540      	0.0803      	0.0412      	0.0466      
2021-10-25 11:03:34 - [iter 49 : loss: 0.035293 = 0.025983 + 0.009310, time: 228.7 = 6.0 + 222.7]
2021-10-25 11:03:35 - [Validation loss @ 49: 2.1047 = 2.0954 + 0.0092]
2021-10-25 11:19:22 - epoch 49:	0.0937      	0.2137      	0.0521      	0.0781      	0.0395      	0.0449      
2021-10-25 11:23:11 - [iter 50 : loss: 0.035098 = 0.025675 + 0.009423, time: 228.8 = 6.1 + 222.6]
2021-10-25 11:23:12 - [Validation loss @ 50: 2.1009 = 2.0916 + 0.0094]
2021-10-25 11:39:00 - epoch 50:	0.0965      	0.2181      	0.0540      	0.0804      	0.0412      	0.0466      
2021-10-25 11:42:49 - [iter 51 : loss: 0.035044 = 0.025509 + 0.009535, time: 229.4 = 6.1 + 223.3]
2021-10-25 11:42:50 - [Validation loss @ 51: 2.1950 = 2.1855 + 0.0095]
2021-10-25 11:58:39 - epoch 51:	0.0973      	0.2179      	0.0548      	0.0810      	0.0418      	0.0473      
2021-10-25 12:02:27 - [iter 52 : loss: 0.034916 = 0.025276 + 0.009640, time: 228.3 = 6.1 + 222.3]
2021-10-25 12:02:28 - [Validation loss @ 52: 2.1723 = 2.1627 + 0.0096]
2021-10-25 12:18:20 - epoch 52:	0.0970      	0.2171      	0.0543      	0.0804      	0.0414      	0.0467      
2021-10-25 12:22:09 - [iter 53 : loss: 0.035050 = 0.025304 + 0.009746, time: 228.9 = 6.0 + 222.9]
2021-10-25 12:22:10 - [Validation loss @ 53: 2.2209 = 2.2111 + 0.0098]
2021-10-25 12:37:59 - epoch 53:	0.0969      	0.2171      	0.0543      	0.0804      	0.0414      	0.0468      
2021-10-25 12:41:48 - [iter 54 : loss: 0.034802 = 0.024944 + 0.009857, time: 228.6 = 6.1 + 222.6]
2021-10-25 12:41:49 - [Validation loss @ 54: 2.2559 = 2.2460 + 0.0099]
2021-10-25 12:57:37 - epoch 54:	0.0962      	0.2158      	0.0543      	0.0803      	0.0416      	0.0470      
2021-10-25 13:01:26 - [iter 55 : loss: 0.034867 = 0.024903 + 0.009964, time: 229.0 = 6.1 + 222.9]
2021-10-25 13:01:27 - [Validation loss @ 55: 2.2823 = 2.2722 + 0.0100]
2021-10-25 13:17:17 - epoch 55:	0.0965      	0.2146      	0.0543      	0.0799      	0.0415      	0.0468      
2021-10-25 13:21:05 - [iter 56 : loss: 0.034466 = 0.024400 + 0.010066, time: 228.6 = 6.1 + 222.6]
2021-10-25 13:21:06 - [Validation loss @ 56: 2.2756 = 2.2655 + 0.0101]
2021-10-25 13:36:59 - epoch 56:	0.0975      	0.2170      	0.0551      	0.0810      	0.0422      	0.0475      
2021-10-25 13:40:48 - [iter 57 : loss: 0.034622 = 0.024451 + 0.010170, time: 229.2 = 6.1 + 223.1]
2021-10-25 13:40:49 - [Validation loss @ 57: 2.3431 = 2.3329 + 0.0103]
2021-10-25 13:56:37 - epoch 57:	0.0954      	0.2147      	0.0535      	0.0793      	0.0408      	0.0461      
2021-10-25 14:00:26 - [iter 58 : loss: 0.034473 = 0.024198 + 0.010275, time: 229.2 = 6.1 + 223.1]
2021-10-25 14:00:27 - [Validation loss @ 58: 2.4001 = 2.3897 + 0.0104]
2021-10-25 14:16:16 - epoch 58:	0.0957      	0.2140      	0.0536      	0.0794      	0.0409      	0.0462      
2021-10-25 14:20:06 - [iter 59 : loss: 0.034357 = 0.023981 + 0.010376, time: 229.6 = 6.1 + 223.6]
2021-10-25 14:20:06 - [Validation loss @ 59: 2.3979 = 2.3874 + 0.0105]
2021-10-25 14:35:54 - epoch 59:	0.0964      	0.2141      	0.0541      	0.0797      	0.0413      	0.0466      
2021-10-25 14:39:44 - [iter 60 : loss: 0.034406 = 0.023930 + 0.010476, time: 228.9 = 6.1 + 222.8]
2021-10-25 14:39:45 - [Validation loss @ 60: 2.4141 = 2.4035 + 0.0106]
2021-10-25 14:55:53 - epoch 60:	0.0951      	0.2118      	0.0534      	0.0788      	0.0408      	0.0460      
2021-10-25 14:59:50 - [iter 61 : loss: 0.034620 = 0.024044 + 0.010576, time: 236.5 = 6.3 + 230.2]
2021-10-25 14:59:51 - [Validation loss @ 61: 2.4849 = 2.4741 + 0.0107]
2021-10-25 15:16:07 - epoch 61:	0.0966      	0.2145      	0.0544      	0.0800      	0.0417      	0.0469      
2021-10-25 15:20:26 - [iter 62 : loss: 0.034903 = 0.024228 + 0.010676, time: 259.1 = 6.2 + 252.9]
2021-10-25 15:20:27 - [Validation loss @ 62: 2.4734 = 2.4625 + 0.0109]
2021-10-25 15:37:43 - epoch 62:	0.0951      	0.2127      	0.0536      	0.0792      	0.0410      	0.0463      
2021-10-25 15:42:05 - [iter 63 : loss: 0.034288 = 0.023515 + 0.010773, time: 261.8 = 6.6 + 255.2]
2021-10-25 15:42:06 - [Validation loss @ 63: 2.4307 = 2.4198 + 0.0110]
2021-10-25 15:58:12 - epoch 63:	0.0952      	0.2117      	0.0536      	0.0790      	0.0410      	0.0463      
2021-10-25 16:02:10 - [iter 64 : loss: 0.034253 = 0.023387 + 0.010866, time: 237.7 = 6.4 + 231.4]
2021-10-25 16:02:10 - [Validation loss @ 64: 2.5392 = 2.5281 + 0.0111]
2021-10-25 16:18:21 - epoch 64:	0.0960      	0.2113      	0.0537      	0.0788      	0.0409      	0.0461      
2021-10-25 16:22:18 - [iter 65 : loss: 0.034731 = 0.023767 + 0.010964, time: 236.9 = 6.1 + 230.8]
2021-10-25 16:22:19 - [Validation loss @ 65: 2.6272 = 2.6160 + 0.0112]
2021-10-25 16:38:28 - epoch 65:	0.0950      	0.2100      	0.0536      	0.0787      	0.0411      	0.0463      
2021-10-25 16:42:18 - [iter 66 : loss: 0.034602 = 0.023543 + 0.011059, time: 229.7 = 6.1 + 223.6]
2021-10-25 16:42:19 - [Validation loss @ 66: 2.6160 = 2.6047 + 0.0113]
2021-10-25 16:58:32 - epoch 66:	0.0922      	0.2079      	0.0523      	0.0776      	0.0402      	0.0455      
2021-10-25 17:02:31 - [iter 67 : loss: 0.034244 = 0.023094 + 0.011149, time: 238.9 = 6.3 + 232.6]
2021-10-25 17:02:32 - [Validation loss @ 67: 2.6288 = 2.6174 + 0.0114]
2021-10-25 17:18:56 - epoch 67:	0.0946      	0.2103      	0.0538      	0.0790      	0.0414      	0.0467      
2021-10-25 17:22:56 - [iter 68 : loss: 0.034426 = 0.023182 + 0.011244, time: 239.6 = 6.3 + 233.3]
2021-10-25 17:22:57 - [Validation loss @ 68: 2.5777 = 2.5662 + 0.0115]
2021-10-25 17:39:07 - epoch 68:	0.0938      	0.2094      	0.0528      	0.0779      	0.0404      	0.0456      
2021-10-25 17:43:00 - [iter 69 : loss: 0.034531 = 0.023197 + 0.011335, time: 233.0 = 6.2 + 226.8]
2021-10-25 17:43:01 - [Validation loss @ 69: 2.6092 = 2.5975 + 0.0116]
2021-10-25 17:59:14 - epoch 69:	0.0949      	0.2104      	0.0538      	0.0788      	0.0413      	0.0465      
2021-10-25 18:03:07 - [iter 70 : loss: 0.034194 = 0.022771 + 0.011423, time: 232.7 = 6.3 + 226.4]
2021-10-25 18:03:08 - [Validation loss @ 70: 2.7184 = 2.7067 + 0.0117]
2021-10-25 18:19:23 - epoch 70:	0.0941      	0.2078      	0.0534      	0.0781      	0.0410      	0.0462      
2021-10-25 18:23:16 - [iter 71 : loss: 0.034436 = 0.022926 + 0.011510, time: 233.0 = 6.4 + 226.6]
2021-10-25 18:23:17 - [Validation loss @ 71: 2.7312 = 2.7194 + 0.0118]
2021-10-25 18:39:30 - epoch 71:	0.0950      	0.2077      	0.0532      	0.0777      	0.0406      	0.0456      
2021-10-25 18:43:22 - [iter 72 : loss: 0.034352 = 0.022751 + 0.011601, time: 232.4 = 6.2 + 226.2]
2021-10-25 18:43:23 - [Validation loss @ 72: 2.6624 = 2.6505 + 0.0119]
2021-10-25 18:59:27 - epoch 72:	0.0950      	0.2094      	0.0534      	0.0782      	0.0408      	0.0459      
2021-10-25 19:03:20 - [iter 73 : loss: 0.034355 = 0.022668 + 0.011686, time: 232.8 = 6.2 + 226.6]
2021-10-25 19:03:21 - [Validation loss @ 73: 2.7255 = 2.7134 + 0.0120]
2021-10-25 19:19:23 - epoch 73:	0.0951      	0.2097      	0.0539      	0.0787      	0.0414      	0.0465      
2021-10-25 19:23:12 - [iter 74 : loss: 0.034329 = 0.022561 + 0.011768, time: 228.9 = 6.1 + 222.8]
2021-10-25 19:23:13 - [Validation loss @ 74: 2.7729 = 2.7607 + 0.0121]
2021-10-25 19:39:04 - epoch 74:	0.0953      	0.2095      	0.0535      	0.0782      	0.0408      	0.0459      
2021-10-25 19:42:53 - [iter 75 : loss: 0.034337 = 0.022480 + 0.011856, time: 228.8 = 6.1 + 222.8]
2021-10-25 19:42:55 - [Validation loss @ 75: 2.7694 = 2.7572 + 0.0122]
2021-10-25 19:58:44 - epoch 75:	0.0954      	0.2086      	0.0535      	0.0781      	0.0409      	0.0459      
2021-10-25 20:02:32 - [iter 76 : loss: 0.034148 = 0.022207 + 0.011940, time: 228.2 = 6.1 + 222.2]
2021-10-25 20:02:33 - [Validation loss @ 76: 2.7904 = 2.7781 + 0.0123]
2021-10-25 20:18:24 - epoch 76:	0.0955      	0.2082      	0.0536      	0.0780      	0.0409      	0.0459      
2021-10-25 20:22:13 - [iter 77 : loss: 0.034082 = 0.022064 + 0.012018, time: 228.8 = 6.1 + 222.7]
2021-10-25 20:22:14 - [Validation loss @ 77: 2.8666 = 2.8542 + 0.0124]
2021-10-25 20:38:03 - epoch 77:	0.0946      	0.2071      	0.0537      	0.0781      	0.0413      	0.0463      
2021-10-25 20:41:51 - [iter 78 : loss: 0.034055 = 0.021952 + 0.012102, time: 228.4 = 6.1 + 222.3]
2021-10-25 20:41:52 - [Validation loss @ 78: 2.8178 = 2.8052 + 0.0125]
2021-10-25 20:57:43 - epoch 78:	0.0943      	0.2066      	0.0535      	0.0779      	0.0411      	0.0461      
2021-10-25 21:01:32 - [iter 79 : loss: 0.034413 = 0.022229 + 0.012184, time: 229.3 = 6.1 + 223.2]
2021-10-25 21:01:33 - [Validation loss @ 79: 2.9102 = 2.8976 + 0.0126]
2021-10-25 21:17:23 - epoch 79:	0.0950      	0.2074      	0.0536      	0.0781      	0.0411      	0.0461      
2021-10-25 21:21:12 - [iter 80 : loss: 0.034254 = 0.021992 + 0.012262, time: 228.6 = 6.0 + 222.6]
2021-10-25 21:21:13 - [Validation loss @ 80: 2.8911 = 2.8784 + 0.0127]
2021-10-25 21:37:03 - epoch 80:	0.0944      	0.2062      	0.0534      	0.0777      	0.0409      	0.0460      
2021-10-25 21:40:51 - [iter 81 : loss: 0.033965 = 0.021627 + 0.012337, time: 228.3 = 6.0 + 222.3]
2021-10-25 21:40:52 - [Validation loss @ 81: 2.9623 = 2.9495 + 0.0128]
2021-10-25 21:56:43 - epoch 81:	0.0945      	0.2078      	0.0538      	0.0784      	0.0414      	0.0465      
2021-10-25 22:00:32 - [iter 82 : loss: 0.034249 = 0.021832 + 0.012416, time: 228.4 = 6.0 + 222.4]
2021-10-25 22:00:33 - [Validation loss @ 82: 2.9654 = 2.9525 + 0.0129]
2021-10-25 22:16:22 - epoch 82:	0.0941      	0.2051      	0.0529      	0.0770      	0.0404      	0.0454      
2021-10-25 22:20:10 - [iter 83 : loss: 0.034112 = 0.021617 + 0.012495, time: 228.8 = 6.0 + 222.7]
2021-10-25 22:20:11 - [Validation loss @ 83: 2.9883 = 2.9754 + 0.0130]
2021-10-25 22:36:03 - epoch 83:	0.0964      	0.2072      	0.0541      	0.0782      	0.0413      	0.0462      
2021-10-25 22:39:51 - [iter 84 : loss: 0.034303 = 0.021728 + 0.012575, time: 228.0 = 6.0 + 222.0]
2021-10-25 22:39:51 - [Validation loss @ 84: 3.0259 = 3.0129 + 0.0131]
2021-10-25 22:55:42 - epoch 84:	0.0928      	0.2051      	0.0525      	0.0769      	0.0402      	0.0452      
2021-10-25 22:59:30 - [iter 85 : loss: 0.034614 = 0.021955 + 0.012659, time: 228.4 = 6.1 + 222.3]
2021-10-25 22:59:31 - [Validation loss @ 85: 3.0834 = 3.0702 + 0.0132]
2021-10-25 23:15:21 - epoch 85:	0.0949      	0.2051      	0.0537      	0.0776      	0.0412      	0.0461      
2021-10-25 23:19:09 - [iter 86 : loss: 0.034347 = 0.021621 + 0.012726, time: 228.2 = 6.1 + 222.1]
2021-10-25 23:19:10 - [Validation loss @ 86: 3.0447 = 3.0315 + 0.0132]
2021-10-25 23:35:03 - epoch 86:	0.0939      	0.2041      	0.0531      	0.0770      	0.0407      	0.0456      
2021-10-25 23:38:52 - [iter 87 : loss: 0.034344 = 0.021547 + 0.012797, time: 228.6 = 6.1 + 222.6]
2021-10-25 23:38:53 - [Validation loss @ 87: 3.0157 = 3.0024 + 0.0133]
2021-10-25 23:54:42 - epoch 87:	0.0941      	0.2055      	0.0533      	0.0775      	0.0408      	0.0458      
2021-10-25 23:58:31 - [iter 88 : loss: 0.034563 = 0.021691 + 0.012871, time: 228.9 = 6.0 + 222.9]
2021-10-25 23:58:32 - [Validation loss @ 88: 2.9980 = 2.9846 + 0.0134]
2021-10-26 00:14:20 - epoch 88:	0.0946      	0.2059      	0.0537      	0.0779      	0.0413      	0.0463      
2021-10-26 00:18:09 - [iter 89 : loss: 0.034046 = 0.021105 + 0.012941, time: 228.5 = 6.0 + 222.5]
2021-10-26 00:18:09 - [Validation loss @ 89: 3.1263 = 3.1128 + 0.0135]
2021-10-26 00:33:58 - epoch 89:	0.0955      	0.2057      	0.0540      	0.0779      	0.0413      	0.0463      
2021-10-26 00:37:46 - [iter 90 : loss: 0.034573 = 0.021558 + 0.013015, time: 227.8 = 6.1 + 221.7]
2021-10-26 00:37:46 - [Validation loss @ 90: 3.0690 = 3.0554 + 0.0136]
2021-10-26 00:53:37 - epoch 90:	0.0951      	0.2051      	0.0539      	0.0778      	0.0414      	0.0463      
2021-10-26 00:57:27 - [iter 91 : loss: 0.034433 = 0.021350 + 0.013083, time: 229.2 = 6.1 + 223.1]
2021-10-26 00:57:27 - [Validation loss @ 91: 3.0879 = 3.0742 + 0.0136]
2021-10-26 01:13:17 - Early stopping is trigger at epoch: 91
2021-10-26 01:13:17 - best_result@epoch 41:
0.0983      	0.2222      	0.0550      	0.0819      	0.0419      	0.0475      
2021-10-26 01:13:17 - ########################### end training ###########################
