2021-10-24 17:40:00 - Loading interaction records from folder: D:/OneDrive - mail.ustc.edu.cn/PythonProjects/GCM-master/dataset/Yelp-OH/ 
2021-10-24 17:40:02 - 
num_user_features=24
num_user_fields=2
num_item_features=213
num_item_fields=3
num_context_features=13347
num_context_fields=5
2021-10-24 17:40:02 - context feature name: city,month,hour,DoW,last
2021-10-24 17:40:03 - "num_users": 5170,"num_items":12997,"num_valid_items":12902, "num_ratings":143884
2021-10-24 17:40:03 - Data Loading is Done!
2021-10-24 17:40:03 - HyperParamters:
dataset=Yelp-OH
epoch=300
batch_size=2048
test_batch_size=10000
hidden_factor=64
merge_type=sum
num_gcn_layers=2
gcn_layer_weight=[0.3333333333333333, 0.3333333333333333, 0.3333333333333333]
lr=0.001
loss_type=log_loss
num_negatives=4
decoder_type=FM
optimizer=AdamOptimizer
reg=0.001
adj_norm_type=ls
test_interval=1
stop_cnt=50
topk=[10,50]
init_method=xavier_normal
stddev=0.01
pretrain=0
save_flag=0
model_name=GCM
2021-10-24 17:40:08 - ########################### begin training ###########################
2021-10-24 17:40:08 - metrics:	HitRatio@10 	HitRatio@50 	NDCG@10     	NDCG@50     	MRR@10      	MRR@50      
2021-10-24 17:40:33 - epoch 0:	0.0248      	0.0747      	0.0115      	0.0221      	0.0076      	0.0097      
2021-10-24 17:40:46 - [iter 1 : loss: 0.450855 = 0.450762 + 0.000093, time: 13.3 = 1.4 + 11.9]
2021-10-24 17:40:47 - [Validation loss @ 1: 0.3626 = 0.3625 + 0.0001]
2021-10-24 17:41:11 - Find a better model.
2021-10-24 17:41:11 - epoch 1:	0.1004      	0.2439      	0.0491      	0.0803      	0.0338      	0.0402      
2021-10-24 17:41:21 - [iter 2 : loss: 0.281466 = 0.281316 + 0.000150, time: 10.2 = 1.4 + 8.8]
2021-10-24 17:41:21 - [Validation loss @ 2: 0.3244 = 0.3243 + 0.0001]
2021-10-24 17:41:45 - Find a better model.
2021-10-24 17:41:45 - epoch 2:	0.1191      	0.2936      	0.0616      	0.0994      	0.0441      	0.0519      
2021-10-24 17:41:55 - [iter 3 : loss: 0.241068 = 0.240843 + 0.000225, time: 10.1 = 1.4 + 8.7]
2021-10-24 17:41:55 - [Validation loss @ 3: 0.3026 = 0.3024 + 0.0002]
2021-10-24 17:42:18 - Find a better model.
2021-10-24 17:42:18 - epoch 3:	0.1435      	0.3383      	0.0755      	0.1179      	0.0548      	0.0637      
2021-10-24 17:42:28 - [iter 4 : loss: 0.212132 = 0.211811 + 0.000321, time: 10.1 = 1.4 + 8.7]
2021-10-24 17:42:28 - [Validation loss @ 4: 0.2870 = 0.2867 + 0.0003]
2021-10-24 17:42:52 - Find a better model.
2021-10-24 17:42:52 - epoch 4:	0.1642      	0.3762      	0.0868      	0.1332      	0.0634      	0.0731      
2021-10-24 17:43:02 - [iter 5 : loss: 0.189999 = 0.189562 + 0.000437, time: 10.1 = 1.4 + 8.8]
2021-10-24 17:43:02 - [Validation loss @ 5: 0.2815 = 0.2811 + 0.0004]
2021-10-24 17:43:25 - Find a better model.
2021-10-24 17:43:25 - epoch 5:	0.1849      	0.4070      	0.0984      	0.1470      	0.0722      	0.0824      
2021-10-24 17:43:35 - [iter 6 : loss: 0.170552 = 0.169983 + 0.000569, time: 10.0 = 1.4 + 8.6]
2021-10-24 17:43:35 - [Validation loss @ 6: 0.2739 = 0.2734 + 0.0005]
2021-10-24 17:43:59 - Find a better model.
2021-10-24 17:43:59 - epoch 6:	0.2010      	0.4309      	0.1080      	0.1584      	0.0799      	0.0905      
2021-10-24 17:44:09 - [iter 7 : loss: 0.155666 = 0.154950 + 0.000716, time: 10.0 = 1.4 + 8.6]
2021-10-24 17:44:09 - [Validation loss @ 7: 0.2768 = 0.2762 + 0.0006]
2021-10-24 17:44:32 - Find a better model.
2021-10-24 17:44:32 - epoch 7:	0.2133      	0.4449      	0.1143      	0.1654      	0.0844      	0.0953      
2021-10-24 17:44:42 - [iter 8 : loss: 0.142444 = 0.141572 + 0.000872, time: 10.0 = 1.4 + 8.6]
2021-10-24 17:44:42 - [Validation loss @ 8: 0.2718 = 0.2710 + 0.0008]
2021-10-24 17:45:06 - Find a better model.
2021-10-24 17:45:06 - epoch 8:	0.2190      	0.4594      	0.1184      	0.1716      	0.0880      	0.0994      
2021-10-24 17:45:16 - [iter 9 : loss: 0.131522 = 0.130487 + 0.001035, time: 10.0 = 1.4 + 8.6]
2021-10-24 17:45:16 - [Validation loss @ 9: 0.2768 = 0.2759 + 0.0009]
2021-10-24 17:45:39 - Find a better model.
2021-10-24 17:45:39 - epoch 9:	0.2277      	0.4710      	0.1228      	0.1766      	0.0911      	0.1026      
2021-10-24 17:45:50 - [iter 10 : loss: 0.122122 = 0.120920 + 0.001202, time: 10.1 = 1.4 + 8.7]
2021-10-24 17:45:50 - [Validation loss @ 10: 0.2767 = 0.2757 + 0.0011]
2021-10-24 17:46:13 - Find a better model.
2021-10-24 17:46:13 - epoch 10:	0.2292      	0.4793      	0.1255      	0.1809      	0.0940      	0.1059      
2021-10-24 17:46:23 - [iter 11 : loss: 0.114589 = 0.113218 + 0.001372, time: 10.2 = 1.4 + 8.8]
2021-10-24 17:46:23 - [Validation loss @ 11: 0.2799 = 0.2786 + 0.0012]
2021-10-24 17:46:47 - Find a better model.
2021-10-24 17:46:47 - epoch 11:	0.2360      	0.4865      	0.1284      	0.1836      	0.0958      	0.1076      
2021-10-24 17:46:57 - [iter 12 : loss: 0.107326 = 0.105784 + 0.001541, time: 10.0 = 1.4 + 8.6]
2021-10-24 17:46:57 - [Validation loss @ 12: 0.2786 = 0.2772 + 0.0014]
2021-10-24 17:47:20 - Find a better model.
2021-10-24 17:47:20 - epoch 12:	0.2369      	0.4897      	0.1296      	0.1854      	0.0971      	0.1090      
2021-10-24 17:47:30 - [iter 13 : loss: 0.101756 = 0.100045 + 0.001711, time: 10.1 = 1.4 + 8.7]
2021-10-24 17:47:31 - [Validation loss @ 13: 0.2805 = 0.2790 + 0.0015]
2021-10-24 17:47:54 - Find a better model.
2021-10-24 17:47:54 - epoch 13:	0.2410      	0.4954      	0.1322      	0.1884      	0.0992      	0.1113      
2021-10-24 17:48:04 - [iter 14 : loss: 0.095892 = 0.094011 + 0.001881, time: 10.1 = 1.4 + 8.7]
2021-10-24 17:48:04 - [Validation loss @ 14: 0.2906 = 0.2889 + 0.0017]
2021-10-24 17:48:28 - epoch 14:	0.2406      	0.4998      	0.1326      	0.1897      	0.0998      	0.1120      
2021-10-24 17:48:38 - [iter 15 : loss: 0.091879 = 0.089831 + 0.002048, time: 10.1 = 1.4 + 8.7]
2021-10-24 17:48:38 - [Validation loss @ 15: 0.2887 = 0.2868 + 0.0018]
2021-10-24 17:49:02 - Find a better model.
2021-10-24 17:49:02 - epoch 15:	0.2447      	0.4977      	0.1340      	0.1897      	0.1005      	0.1123      
2021-10-24 17:49:12 - [iter 16 : loss: 0.087488 = 0.085274 + 0.002214, time: 10.3 = 1.4 + 8.8]
2021-10-24 17:49:12 - [Validation loss @ 16: 0.2920 = 0.2901 + 0.0020]
2021-10-24 17:49:36 - Find a better model.
2021-10-24 17:49:36 - epoch 16:	0.2449      	0.5014      	0.1349      	0.1914      	0.1016      	0.1136      
2021-10-24 17:49:46 - [iter 17 : loss: 0.083357 = 0.080980 + 0.002377, time: 10.4 = 1.4 + 9.0]
2021-10-24 17:49:46 - [Validation loss @ 17: 0.3103 = 0.3082 + 0.0021]
2021-10-24 17:50:10 - Find a better model.
2021-10-24 17:50:10 - epoch 17:	0.2474      	0.5072      	0.1361      	0.1933      	0.1024      	0.1145      
2021-10-24 17:50:20 - [iter 18 : loss: 0.080063 = 0.077528 + 0.002535, time: 10.1 = 1.4 + 8.7]
2021-10-24 17:50:20 - [Validation loss @ 18: 0.3108 = 0.3085 + 0.0023]
2021-10-24 17:50:44 - Find a better model.
2021-10-24 17:50:44 - epoch 18:	0.2478      	0.5062      	0.1362      	0.1932      	0.1024      	0.1146      
2021-10-24 17:50:54 - [iter 19 : loss: 0.078007 = 0.075312 + 0.002696, time: 10.2 = 1.4 + 8.8]
2021-10-24 17:50:54 - [Validation loss @ 19: 0.3253 = 0.3229 + 0.0024]
2021-10-24 17:51:18 - Find a better model.
2021-10-24 17:51:18 - epoch 19:	0.2505      	0.5110      	0.1378      	0.1950      	0.1036      	0.1157      
2021-10-24 17:51:28 - [iter 20 : loss: 0.075308 = 0.072462 + 0.002847, time: 10.2 = 1.4 + 8.8]
2021-10-24 17:51:28 - [Validation loss @ 20: 0.3106 = 0.3080 + 0.0026]
2021-10-24 17:51:52 - Find a better model.
2021-10-24 17:51:52 - epoch 20:	0.2509      	0.5070      	0.1377      	0.1940      	0.1034      	0.1154      
2021-10-24 17:52:02 - [iter 21 : loss: 0.071480 = 0.068486 + 0.002994, time: 10.4 = 1.4 + 8.9]
2021-10-24 17:52:02 - [Validation loss @ 21: 0.3353 = 0.3326 + 0.0027]
2021-10-24 17:52:26 - Find a better model.
2021-10-24 17:52:26 - epoch 21:	0.2520      	0.5137      	0.1383      	0.1957      	0.1039      	0.1160      
2021-10-24 17:52:36 - [iter 22 : loss: 0.070886 = 0.067751 + 0.003135, time: 10.3 = 1.4 + 8.9]
2021-10-24 17:52:36 - [Validation loss @ 22: 0.3348 = 0.3320 + 0.0029]
2021-10-24 17:53:00 - epoch 22:	0.2515      	0.5099      	0.1381      	0.1949      	0.1038      	0.1158      
2021-10-24 17:53:10 - [iter 23 : loss: 0.068566 = 0.065291 + 0.003276, time: 10.3 = 1.4 + 8.9]
2021-10-24 17:53:10 - [Validation loss @ 23: 0.3363 = 0.3333 + 0.0030]
2021-10-24 17:53:34 - epoch 23:	0.2507      	0.5120      	0.1383      	0.1957      	0.1042      	0.1164      
2021-10-24 17:53:44 - [iter 24 : loss: 0.066193 = 0.062781 + 0.003412, time: 10.2 = 1.4 + 8.7]
2021-10-24 17:53:44 - [Validation loss @ 24: 0.3379 = 0.3348 + 0.0031]
2021-10-24 17:54:08 - Find a better model.
2021-10-24 17:54:08 - epoch 24:	0.2522      	0.5133      	0.1388      	0.1961      	0.1044      	0.1165      
2021-10-24 17:54:18 - [iter 25 : loss: 0.064582 = 0.061036 + 0.003546, time: 10.1 = 1.4 + 8.7]
2021-10-24 17:54:18 - [Validation loss @ 25: 0.3491 = 0.3459 + 0.0033]
2021-10-24 17:54:42 - Find a better model.
2021-10-24 17:54:42 - epoch 25:	0.2530      	0.5145      	0.1395      	0.1969      	0.1051      	0.1172      
2021-10-24 17:54:52 - [iter 26 : loss: 0.063046 = 0.059374 + 0.003672, time: 10.1 = 1.4 + 8.7]
2021-10-24 17:54:52 - [Validation loss @ 26: 0.3517 = 0.3483 + 0.0034]
2021-10-24 17:55:15 - epoch 26:	0.2530      	0.5143      	0.1395      	0.1968      	0.1050      	0.1171      
2021-10-24 17:55:25 - [iter 27 : loss: 0.061346 = 0.057548 + 0.003799, time: 10.3 = 1.4 + 8.9]
2021-10-24 17:55:25 - [Validation loss @ 27: 0.3581 = 0.3546 + 0.0035]
2021-10-24 17:55:49 - epoch 27:	0.2532      	0.5135      	0.1391      	0.1962      	0.1045      	0.1165      
2021-10-24 17:55:59 - [iter 28 : loss: 0.059975 = 0.056052 + 0.003923, time: 10.1 = 1.4 + 8.7]
2021-10-24 17:55:59 - [Validation loss @ 28: 0.3661 = 0.3625 + 0.0036]
2021-10-24 17:56:22 - Find a better model.
2021-10-24 17:56:22 - epoch 28:	0.2561      	0.5180      	0.1405      	0.1977      	0.1055      	0.1174      
2021-10-24 17:56:33 - [iter 29 : loss: 0.059798 = 0.055758 + 0.004040, time: 10.1 = 1.4 + 8.7]
2021-10-24 17:56:33 - [Validation loss @ 29: 0.3639 = 0.3602 + 0.0038]
2021-10-24 17:56:56 - Find a better model.
2021-10-24 17:56:56 - epoch 29:	0.2571      	0.5178      	0.1414      	0.1983      	0.1064      	0.1183      
2021-10-24 17:57:06 - [iter 30 : loss: 0.057577 = 0.053418 + 0.004160, time: 10.0 = 1.4 + 8.6]
2021-10-24 17:57:06 - [Validation loss @ 30: 0.3699 = 0.3660 + 0.0039]
2021-10-24 17:57:29 - epoch 30:	0.2563      	0.5164      	0.1410      	0.1981      	0.1061      	0.1181      
2021-10-24 17:57:40 - [iter 31 : loss: 0.056369 = 0.052093 + 0.004276, time: 10.1 = 1.4 + 8.7]
2021-10-24 17:57:40 - [Validation loss @ 31: 0.3888 = 0.3848 + 0.0040]
2021-10-24 17:58:03 - epoch 31:	0.2573      	0.5172      	0.1409      	0.1979      	0.1056      	0.1176      
2021-10-24 17:58:13 - [iter 32 : loss: 0.054999 = 0.050613 + 0.004386, time: 10.0 = 1.4 + 8.6]
2021-10-24 17:58:13 - [Validation loss @ 32: 0.4020 = 0.3979 + 0.0041]
2021-10-24 17:58:37 - Find a better model.
2021-10-24 17:58:37 - epoch 32:	0.2580      	0.5133      	0.1412      	0.1971      	0.1059      	0.1176      
2021-10-24 17:58:47 - [iter 33 : loss: 0.054856 = 0.050366 + 0.004490, time: 10.2 = 1.4 + 8.8]
2021-10-24 17:58:47 - [Validation loss @ 33: 0.4040 = 0.3998 + 0.0042]
2021-10-24 17:59:10 - epoch 33:	0.2559      	0.5137      	0.1417      	0.1983      	0.1070      	0.1190      
2021-10-24 17:59:20 - [iter 34 : loss: 0.053774 = 0.049177 + 0.004596, time: 10.1 = 1.4 + 8.7]
2021-10-24 17:59:20 - [Validation loss @ 34: 0.4007 = 0.3964 + 0.0043]
2021-10-24 17:59:44 - epoch 34:	0.2571      	0.5193      	0.1420      	0.1995      	0.1071      	0.1192      
2021-10-24 17:59:54 - [iter 35 : loss: 0.053626 = 0.048924 + 0.004702, time: 10.1 = 1.4 + 8.7]
2021-10-24 17:59:54 - [Validation loss @ 35: 0.4230 = 0.4185 + 0.0045]
2021-10-24 18:00:18 - Find a better model.
2021-10-24 18:00:18 - epoch 35:	0.2574      	0.5168      	0.1425      	0.1993      	0.1075      	0.1195      
2021-10-24 18:00:28 - [iter 36 : loss: 0.052396 = 0.047595 + 0.004801, time: 10.0 = 1.4 + 8.6]
2021-10-24 18:00:28 - [Validation loss @ 36: 0.4285 = 0.4239 + 0.0046]
2021-10-24 18:00:51 - epoch 36:	0.2553      	0.5162      	0.1418      	0.1991      	0.1074      	0.1195      
2021-10-24 18:01:01 - [iter 37 : loss: 0.051376 = 0.046481 + 0.004895, time: 10.0 = 1.4 + 8.6]
2021-10-24 18:01:01 - [Validation loss @ 37: 0.4358 = 0.4312 + 0.0047]
2021-10-24 18:01:25 - epoch 37:	0.2534      	0.5133      	0.1403      	0.1974      	0.1060      	0.1181      
2021-10-24 18:01:35 - [iter 38 : loss: 0.050680 = 0.045692 + 0.004988, time: 10.1 = 1.4 + 8.7]
2021-10-24 18:01:35 - [Validation loss @ 38: 0.4475 = 0.4427 + 0.0048]
2021-10-24 18:01:58 - epoch 38:	0.2538      	0.5155      	0.1409      	0.1984      	0.1066      	0.1188      
2021-10-24 18:02:09 - [iter 39 : loss: 0.049827 = 0.044747 + 0.005080, time: 10.1 = 1.4 + 8.8]
2021-10-24 18:02:09 - [Validation loss @ 39: 0.4407 = 0.4359 + 0.0049]
2021-10-24 18:02:32 - epoch 39:	0.2545      	0.5137      	0.1411      	0.1982      	0.1067      	0.1188      
2021-10-24 18:02:42 - [iter 40 : loss: 0.049482 = 0.044314 + 0.005168, time: 10.2 = 1.4 + 8.8]
2021-10-24 18:02:42 - [Validation loss @ 40: 0.4465 = 0.4416 + 0.0050]
2021-10-24 18:03:06 - epoch 40:	0.2545      	0.5174      	0.1417      	0.1993      	0.1074      	0.1196      
2021-10-24 18:03:16 - [iter 41 : loss: 0.048379 = 0.043124 + 0.005254, time: 10.1 = 1.4 + 8.7]
2021-10-24 18:03:16 - [Validation loss @ 41: 0.4516 = 0.4466 + 0.0051]
2021-10-24 18:03:40 - epoch 41:	0.2569      	0.5130      	0.1417      	0.1979      	0.1067      	0.1186      
2021-10-24 18:03:50 - [iter 42 : loss: 0.047407 = 0.042068 + 0.005338, time: 10.1 = 1.4 + 8.7]
2021-10-24 18:03:50 - [Validation loss @ 42: 0.4790 = 0.4739 + 0.0051]
2021-10-24 18:04:14 - epoch 42:	0.2571      	0.5149      	0.1421      	0.1987      	0.1073      	0.1191      
2021-10-24 18:04:24 - [iter 43 : loss: 0.047460 = 0.042039 + 0.005421, time: 10.1 = 1.4 + 8.7]
2021-10-24 18:04:24 - [Validation loss @ 43: 0.4724 = 0.4671 + 0.0052]
2021-10-24 18:04:47 - epoch 43:	0.2551      	0.5161      	0.1416      	0.1988      	0.1071      	0.1192      
2021-10-24 18:04:57 - [iter 44 : loss: 0.047301 = 0.041798 + 0.005502, time: 10.1 = 1.4 + 8.7]
2021-10-24 18:04:57 - [Validation loss @ 44: 0.4759 = 0.4706 + 0.0053]
2021-10-24 18:05:21 - epoch 44:	0.2545      	0.5126      	0.1417      	0.1983      	0.1073      	0.1193      
2021-10-24 18:05:31 - [iter 45 : loss: 0.046225 = 0.040644 + 0.005581, time: 10.1 = 1.4 + 8.7]
2021-10-24 18:05:31 - [Validation loss @ 45: 0.4936 = 0.4882 + 0.0054]
2021-10-24 18:05:55 - epoch 45:	0.2567      	0.5143      	0.1425      	0.1990      	0.1077      	0.1197      
2021-10-24 18:06:05 - [iter 46 : loss: 0.045986 = 0.040333 + 0.005653, time: 10.3 = 1.4 + 8.9]
2021-10-24 18:06:05 - [Validation loss @ 46: 0.4934 = 0.4879 + 0.0055]
2021-10-24 18:06:29 - epoch 46:	0.2574      	0.5141      	0.1421      	0.1983      	0.1072      	0.1190      
2021-10-24 18:06:39 - [iter 47 : loss: 0.044791 = 0.039061 + 0.005730, time: 10.3 = 1.4 + 8.9]
2021-10-24 18:06:39 - [Validation loss @ 47: 0.4864 = 0.4808 + 0.0056]
2021-10-24 18:07:03 - epoch 47:	0.2555      	0.5130      	0.1416      	0.1982      	0.1070      	0.1190      
2021-10-24 18:07:13 - [iter 48 : loss: 0.044807 = 0.039008 + 0.005800, time: 10.0 = 1.4 + 8.6]
2021-10-24 18:07:13 - [Validation loss @ 48: 0.5022 = 0.4966 + 0.0057]
2021-10-24 18:07:36 - epoch 48:	0.2563      	0.5135      	0.1421      	0.1985      	0.1073      	0.1192      
2021-10-24 18:07:46 - [iter 49 : loss: 0.044390 = 0.038518 + 0.005872, time: 9.9 = 1.4 + 8.5]
2021-10-24 18:07:46 - [Validation loss @ 49: 0.4894 = 0.4836 + 0.0058]
2021-10-24 18:08:09 - epoch 49:	0.2557      	0.5120      	0.1415      	0.1978      	0.1068      	0.1187      
2021-10-24 18:08:19 - [iter 50 : loss: 0.044301 = 0.038360 + 0.005941, time: 10.0 = 1.4 + 8.6]
2021-10-24 18:08:19 - [Validation loss @ 50: 0.5046 = 0.4988 + 0.0058]
2021-10-24 18:08:36 - epoch 50:	0.2565      	0.5128      	0.1422      	0.1986      	0.1074      	0.1194      
2021-10-24 18:08:46 - [iter 51 : loss: 0.043413 = 0.037407 + 0.006006, time: 10.1 = 1.4 + 8.7]
2021-10-24 18:08:46 - [Validation loss @ 51: 0.5159 = 0.5100 + 0.0059]
2021-10-24 18:09:09 - Find a better model.
2021-10-24 18:09:09 - epoch 51:	0.2584      	0.5147      	0.1428      	0.1990      	0.1077      	0.1195      
2021-10-24 18:09:19 - [iter 52 : loss: 0.042995 = 0.036922 + 0.006073, time: 10.0 = 1.4 + 8.6]
2021-10-24 18:09:19 - [Validation loss @ 52: 0.5236 = 0.5176 + 0.0060]
2021-10-24 18:09:42 - epoch 52:	0.2574      	0.5122      	0.1420      	0.1979      	0.1069      	0.1187      
2021-10-24 18:09:52 - [iter 53 : loss: 0.042109 = 0.035973 + 0.006136, time: 9.9 = 1.4 + 8.5]
2021-10-24 18:09:52 - [Validation loss @ 53: 0.5324 = 0.5263 + 0.0061]
2021-10-24 18:10:15 - epoch 53:	0.2561      	0.5095      	0.1419      	0.1976      	0.1072      	0.1190      
2021-10-24 18:10:25 - [iter 54 : loss: 0.042103 = 0.035904 + 0.006199, time: 10.0 = 1.4 + 8.6]
2021-10-24 18:10:25 - [Validation loss @ 54: 0.5352 = 0.5290 + 0.0061]
2021-10-24 18:10:48 - epoch 54:	0.2532      	0.5124      	0.1402      	0.1971      	0.1058      	0.1178      
2021-10-24 18:10:58 - [iter 55 : loss: 0.041982 = 0.035719 + 0.006263, time: 10.0 = 1.4 + 8.6]
2021-10-24 18:10:58 - [Validation loss @ 55: 0.5279 = 0.5216 + 0.0062]
2021-10-24 18:11:21 - epoch 55:	0.2555      	0.5095      	0.1410      	0.1968      	0.1062      	0.1180      
2021-10-24 18:11:31 - [iter 56 : loss: 0.041832 = 0.035512 + 0.006320, time: 10.0 = 1.4 + 8.6]
2021-10-24 18:11:32 - [Validation loss @ 56: 0.5534 = 0.5472 + 0.0063]
2021-10-24 18:11:54 - epoch 56:	0.2571      	0.5116      	0.1417      	0.1975      	0.1067      	0.1185      
2021-10-24 18:12:05 - [iter 57 : loss: 0.042156 = 0.035774 + 0.006381, time: 10.1 = 1.4 + 8.7]
2021-10-24 18:12:05 - [Validation loss @ 57: 0.5669 = 0.5605 + 0.0063]
2021-10-24 18:12:28 - epoch 57:	0.2561      	0.5120      	0.1416      	0.1978      	0.1068      	0.1187      
2021-10-24 18:12:38 - [iter 58 : loss: 0.041368 = 0.034933 + 0.006435, time: 10.0 = 1.4 + 8.6]
2021-10-24 18:12:38 - [Validation loss @ 58: 0.5746 = 0.5682 + 0.0064]
2021-10-24 18:13:01 - epoch 58:	0.2567      	0.5114      	0.1425      	0.1985      	0.1078      	0.1197      
2021-10-24 18:13:11 - [iter 59 : loss: 0.040611 = 0.034122 + 0.006489, time: 9.9 = 1.4 + 8.5]
2021-10-24 18:13:11 - [Validation loss @ 59: 0.5493 = 0.5429 + 0.0065]
2021-10-24 18:13:33 - epoch 59:	0.2542      	0.5106      	0.1409      	0.1973      	0.1065      	0.1184      
2021-10-24 18:13:43 - [iter 60 : loss: 0.040667 = 0.034124 + 0.006543, time: 9.9 = 1.4 + 8.5]
2021-10-24 18:13:44 - [Validation loss @ 60: 0.5654 = 0.5589 + 0.0065]
2021-10-24 18:14:06 - epoch 60:	0.2538      	0.5114      	0.1414      	0.1981      	0.1072      	0.1192      
2021-10-24 18:14:16 - [iter 61 : loss: 0.040553 = 0.033959 + 0.006594, time: 10.0 = 1.4 + 8.6]
2021-10-24 18:14:16 - [Validation loss @ 61: 0.5616 = 0.5550 + 0.0066]
2021-10-24 18:14:39 - epoch 61:	0.2551      	0.5101      	0.1415      	0.1976      	0.1069      	0.1188      
2021-10-24 18:14:49 - [iter 62 : loss: 0.040023 = 0.033375 + 0.006648, time: 10.1 = 1.4 + 8.7]
2021-10-24 18:14:49 - [Validation loss @ 62: 0.5710 = 0.5644 + 0.0067]
2021-10-24 18:15:12 - epoch 62:	0.2545      	0.5081      	0.1419      	0.1977      	0.1076      	0.1194      
2021-10-24 18:15:22 - [iter 63 : loss: 0.040760 = 0.034059 + 0.006701, time: 10.0 = 1.4 + 8.7]
2021-10-24 18:15:23 - [Validation loss @ 63: 0.5951 = 0.5883 + 0.0067]
2021-10-24 18:15:45 - epoch 63:	0.2544      	0.5070      	0.1421      	0.1976      	0.1080      	0.1197      
2021-10-24 18:15:55 - [iter 64 : loss: 0.039847 = 0.033096 + 0.006750, time: 9.9 = 1.4 + 8.5]
2021-10-24 18:15:55 - [Validation loss @ 64: 0.6257 = 0.6189 + 0.0068]
2021-10-24 18:16:18 - epoch 64:	0.2545      	0.5064      	0.1419      	0.1972      	0.1076      	0.1193      
2021-10-24 18:16:28 - [iter 65 : loss: 0.038621 = 0.031829 + 0.006793, time: 9.9 = 1.4 + 8.6]
2021-10-24 18:16:28 - [Validation loss @ 65: 0.5784 = 0.5716 + 0.0068]
2021-10-24 18:16:51 - epoch 65:	0.2559      	0.5079      	0.1424      	0.1976      	0.1079      	0.1195      
2021-10-24 18:17:01 - [iter 66 : loss: 0.039156 = 0.032317 + 0.006839, time: 9.9 = 1.4 + 8.5]
2021-10-24 18:17:01 - [Validation loss @ 66: 0.6023 = 0.5954 + 0.0069]
2021-10-24 18:17:24 - epoch 66:	0.2561      	0.5075      	0.1421      	0.1973      	0.1074      	0.1191      
2021-10-24 18:17:34 - [iter 67 : loss: 0.038358 = 0.031473 + 0.006885, time: 9.9 = 1.4 + 8.5]
2021-10-24 18:17:34 - [Validation loss @ 67: 0.6108 = 0.6038 + 0.0070]
2021-10-24 18:17:57 - epoch 67:	0.2551      	0.5058      	0.1412      	0.1962      	0.1066      	0.1182      
2021-10-24 18:18:07 - [iter 68 : loss: 0.037965 = 0.031037 + 0.006928, time: 10.0 = 1.4 + 8.6]
2021-10-24 18:18:07 - [Validation loss @ 68: 0.6108 = 0.6038 + 0.0070]
2021-10-24 18:18:30 - epoch 68:	0.2580      	0.5046      	0.1422      	0.1963      	0.1070      	0.1184      
2021-10-24 18:18:40 - [iter 69 : loss: 0.038284 = 0.031318 + 0.006966, time: 10.0 = 1.4 + 8.7]
2021-10-24 18:18:40 - [Validation loss @ 69: 0.6365 = 0.6294 + 0.0071]
2021-10-24 18:19:03 - epoch 69:	0.2549      	0.5064      	0.1408      	0.1959      	0.1060      	0.1176      
2021-10-24 18:19:13 - [iter 70 : loss: 0.038515 = 0.031502 + 0.007012, time: 9.9 = 1.4 + 8.5]
2021-10-24 18:19:13 - [Validation loss @ 70: 0.6471 = 0.6400 + 0.0071]
2021-10-24 18:19:36 - epoch 70:	0.2553      	0.5050      	0.1410      	0.1957      	0.1063      	0.1178      
2021-10-24 18:19:46 - [iter 71 : loss: 0.038078 = 0.031021 + 0.007056, time: 9.9 = 1.4 + 8.6]
2021-10-24 18:19:46 - [Validation loss @ 71: 0.6240 = 0.6168 + 0.0072]
2021-10-24 18:20:09 - epoch 71:	0.2557      	0.5056      	0.1415      	0.1963      	0.1068      	0.1183      
2021-10-24 18:20:19 - [iter 72 : loss: 0.037934 = 0.030837 + 0.007097, time: 9.9 = 1.4 + 8.5]
2021-10-24 18:20:19 - [Validation loss @ 72: 0.6352 = 0.6280 + 0.0072]
2021-10-24 18:20:42 - epoch 72:	0.2534      	0.5043      	0.1403      	0.1954      	0.1059      	0.1176      
2021-10-24 18:20:53 - [iter 73 : loss: 0.037340 = 0.030203 + 0.007137, time: 9.9 = 1.4 + 8.5]
2021-10-24 18:20:53 - [Validation loss @ 73: 0.6476 = 0.6403 + 0.0073]
2021-10-24 18:21:16 - epoch 73:	0.2573      	0.5064      	0.1415      	0.1959      	0.1063      	0.1177      
2021-10-24 18:21:26 - [iter 74 : loss: 0.037768 = 0.030594 + 0.007174, time: 10.0 = 1.4 + 8.6]
2021-10-24 18:21:26 - [Validation loss @ 74: 0.6420 = 0.6347 + 0.0073]
2021-10-24 18:21:49 - epoch 74:	0.2545      	0.5060      	0.1398      	0.1949      	0.1049      	0.1165      
2021-10-24 18:21:59 - [iter 75 : loss: 0.037678 = 0.030466 + 0.007212, time: 10.0 = 1.4 + 8.6]
2021-10-24 18:21:59 - [Validation loss @ 75: 0.6534 = 0.6460 + 0.0074]
2021-10-24 18:22:22 - epoch 75:	0.2549      	0.5116      	0.1404      	0.1966      	0.1055      	0.1173      
2021-10-24 18:22:32 - [iter 76 : loss: 0.036924 = 0.029677 + 0.007247, time: 9.9 = 1.4 + 8.5]
2021-10-24 18:22:32 - [Validation loss @ 76: 0.6493 = 0.6419 + 0.0074]
2021-10-24 18:22:55 - epoch 76:	0.2538      	0.5046      	0.1406      	0.1956      	0.1061      	0.1177      
2021-10-24 18:23:05 - [iter 77 : loss: 0.036823 = 0.029541 + 0.007282, time: 9.9 = 1.4 + 8.5]
2021-10-24 18:23:05 - [Validation loss @ 77: 0.6682 = 0.6607 + 0.0075]
2021-10-24 18:23:28 - epoch 77:	0.2516      	0.5058      	0.1394      	0.1952      	0.1053      	0.1171      
2021-10-24 18:23:38 - [iter 78 : loss: 0.037312 = 0.029991 + 0.007322, time: 9.9 = 1.4 + 8.5]
2021-10-24 18:23:38 - [Validation loss @ 78: 0.6786 = 0.6711 + 0.0075]
2021-10-24 18:24:01 - epoch 78:	0.2516      	0.5039      	0.1395      	0.1950      	0.1054      	0.1172      
2021-10-24 18:24:11 - [iter 79 : loss: 0.036704 = 0.029348 + 0.007356, time: 10.0 = 1.4 + 8.7]
2021-10-24 18:24:11 - [Validation loss @ 79: 0.6739 = 0.6663 + 0.0076]
2021-10-24 18:24:34 - epoch 79:	0.2551      	0.5058      	0.1404      	0.1953      	0.1056      	0.1171      
2021-10-24 18:24:44 - [iter 80 : loss: 0.036731 = 0.029341 + 0.007390, time: 10.0 = 1.4 + 8.6]
2021-10-24 18:24:44 - [Validation loss @ 80: 0.7163 = 0.7087 + 0.0076]
2021-10-24 18:25:07 - epoch 80:	0.2503      	0.5000      	0.1389      	0.1939      	0.1050      	0.1167      
2021-10-24 18:25:17 - [iter 81 : loss: 0.036036 = 0.028609 + 0.007426, time: 10.1 = 1.4 + 8.7]
2021-10-24 18:25:17 - [Validation loss @ 81: 0.7041 = 0.6965 + 0.0077]
2021-10-24 18:25:40 - epoch 81:	0.2515      	0.4998      	0.1380      	0.1926      	0.1035      	0.1151      
2021-10-24 18:25:50 - [iter 82 : loss: 0.035781 = 0.028326 + 0.007454, time: 9.9 = 1.4 + 8.6]
2021-10-24 18:25:50 - [Validation loss @ 82: 0.6846 = 0.6769 + 0.0077]
2021-10-24 18:26:13 - epoch 82:	0.2520      	0.5004      	0.1389      	0.1936      	0.1045      	0.1161      
2021-10-24 18:26:23 - [iter 83 : loss: 0.036403 = 0.028916 + 0.007487, time: 9.9 = 1.4 + 8.5]
2021-10-24 18:26:23 - [Validation loss @ 83: 0.6920 = 0.6842 + 0.0077]
2021-10-24 18:26:46 - epoch 83:	0.2513      	0.5000      	0.1389      	0.1937      	0.1047      	0.1163      
2021-10-24 18:26:56 - [iter 84 : loss: 0.035450 = 0.027932 + 0.007518, time: 10.0 = 1.4 + 8.6]
2021-10-24 18:26:56 - [Validation loss @ 84: 0.6988 = 0.6910 + 0.0078]
2021-10-24 18:27:19 - epoch 84:	0.2520      	0.5023      	0.1387      	0.1936      	0.1042      	0.1158      
2021-10-24 18:27:29 - [iter 85 : loss: 0.035543 = 0.027992 + 0.007551, time: 10.0 = 1.4 + 8.6]
2021-10-24 18:27:29 - [Validation loss @ 85: 0.7329 = 0.7251 + 0.0078]
2021-10-24 18:27:53 - epoch 85:	0.2516      	0.4973      	0.1395      	0.1934      	0.1053      	0.1167      
2021-10-24 18:28:03 - [iter 86 : loss: 0.035255 = 0.027680 + 0.007575, time: 10.0 = 1.4 + 8.6]
2021-10-24 18:28:03 - [Validation loss @ 86: 0.6986 = 0.6908 + 0.0078]
2021-10-24 18:28:26 - epoch 86:	0.2520      	0.5037      	0.1391      	0.1944      	0.1047      	0.1164      
2021-10-24 18:28:36 - [iter 87 : loss: 0.035138 = 0.027537 + 0.007601, time: 10.0 = 1.4 + 8.6]
2021-10-24 18:28:36 - [Validation loss @ 87: 0.7224 = 0.7145 + 0.0079]
2021-10-24 18:28:59 - epoch 87:	0.2515      	0.5004      	0.1389      	0.1935      	0.1046      	0.1161      
2021-10-24 18:29:09 - [iter 88 : loss: 0.035389 = 0.027758 + 0.007632, time: 9.9 = 1.4 + 8.5]
2021-10-24 18:29:09 - [Validation loss @ 88: 0.7257 = 0.7178 + 0.0079]
2021-10-24 18:29:32 - epoch 88:	0.2528      	0.4983      	0.1392      	0.1930      	0.1046      	0.1159      
2021-10-24 18:29:41 - [iter 89 : loss: 0.035030 = 0.027368 + 0.007662, time: 9.9 = 1.4 + 8.5]
2021-10-24 18:29:42 - [Validation loss @ 89: 0.7110 = 0.7031 + 0.0080]
2021-10-24 18:30:04 - epoch 89:	0.2513      	0.4994      	0.1388      	0.1932      	0.1046      	0.1161      
2021-10-24 18:30:14 - [iter 90 : loss: 0.035168 = 0.027480 + 0.007688, time: 9.9 = 1.4 + 8.5]
2021-10-24 18:30:14 - [Validation loss @ 90: 0.7259 = 0.7179 + 0.0080]
2021-10-24 18:30:37 - epoch 90:	0.2528      	0.5004      	0.1395      	0.1937      	0.1051      	0.1165      
2021-10-24 18:30:47 - [iter 91 : loss: 0.034834 = 0.027118 + 0.007716, time: 10.0 = 1.4 + 8.6]
2021-10-24 18:30:47 - [Validation loss @ 91: 0.7364 = 0.7284 + 0.0080]
2021-10-24 18:31:11 - epoch 91:	0.2526      	0.4981      	0.1392      	0.1930      	0.1046      	0.1160      
2021-10-24 18:31:21 - [iter 92 : loss: 0.034288 = 0.026549 + 0.007739, time: 10.0 = 1.4 + 8.6]
2021-10-24 18:31:21 - [Validation loss @ 92: 0.7325 = 0.7245 + 0.0081]
2021-10-24 18:31:44 - epoch 92:	0.2522      	0.4992      	0.1391      	0.1933      	0.1047      	0.1161      
2021-10-24 18:31:54 - [iter 93 : loss: 0.034851 = 0.027085 + 0.007766, time: 9.9 = 1.4 + 8.5]
2021-10-24 18:31:54 - [Validation loss @ 93: 0.7479 = 0.7398 + 0.0081]
2021-10-24 18:32:17 - epoch 93:	0.2503      	0.5008      	0.1383      	0.1933      	0.1041      	0.1158      
2021-10-24 18:32:26 - [iter 94 : loss: 0.033977 = 0.026185 + 0.007792, time: 9.9 = 1.4 + 8.5]
2021-10-24 18:32:27 - [Validation loss @ 94: 0.7423 = 0.7341 + 0.0081]
2021-10-24 18:32:49 - epoch 94:	0.2516      	0.4998      	0.1393      	0.1937      	0.1051      	0.1165      
2021-10-24 18:32:59 - [iter 95 : loss: 0.034042 = 0.026226 + 0.007816, time: 9.9 = 1.4 + 8.5]
2021-10-24 18:33:00 - [Validation loss @ 95: 0.7578 = 0.7497 + 0.0082]
2021-10-24 18:33:22 - epoch 95:	0.2522      	0.4979      	0.1386      	0.1924      	0.1040      	0.1153      
2021-10-24 18:33:32 - [iter 96 : loss: 0.034336 = 0.026497 + 0.007840, time: 9.9 = 1.4 + 8.5]
2021-10-24 18:33:32 - [Validation loss @ 96: 0.7679 = 0.7597 + 0.0082]
2021-10-24 18:33:55 - epoch 96:	0.2505      	0.4979      	0.1383      	0.1926      	0.1041      	0.1156      
2021-10-24 18:34:05 - [iter 97 : loss: 0.034176 = 0.026308 + 0.007868, time: 10.0 = 1.4 + 8.6]
2021-10-24 18:34:05 - [Validation loss @ 97: 0.7520 = 0.7437 + 0.0082]
2021-10-24 18:34:28 - epoch 97:	0.2522      	0.4996      	0.1389      	0.1932      	0.1045      	0.1159      
2021-10-24 18:34:38 - [iter 98 : loss: 0.034115 = 0.026228 + 0.007887, time: 10.0 = 1.4 + 8.6]
2021-10-24 18:34:38 - [Validation loss @ 98: 0.7514 = 0.7432 + 0.0083]
2021-10-24 18:35:01 - epoch 98:	0.2540      	0.5002      	0.1399      	0.1939      	0.1052      	0.1165      
2021-10-24 18:35:11 - [iter 99 : loss: 0.033392 = 0.025483 + 0.007909, time: 9.9 = 1.4 + 8.5]
2021-10-24 18:35:11 - [Validation loss @ 99: 0.7878 = 0.7795 + 0.0083]
2021-10-24 18:35:34 - epoch 99:	0.2545      	0.4934      	0.1404      	0.1927      	0.1056      	0.1167      
2021-10-24 18:35:44 - [iter 100 : loss: 0.033281 = 0.025354 + 0.007926, time: 9.9 = 1.4 + 8.5]
2021-10-24 18:35:44 - [Validation loss @ 100: 0.7750 = 0.7667 + 0.0083]
2021-10-24 18:36:07 - epoch 100:	0.2513      	0.4969      	0.1387      	0.1925      	0.1044      	0.1157      
2021-10-24 18:36:17 - [iter 101 : loss: 0.033420 = 0.025473 + 0.007947, time: 9.9 = 1.4 + 8.5]
2021-10-24 18:36:17 - [Validation loss @ 101: 0.7860 = 0.7777 + 0.0083]
2021-10-24 18:36:40 - Early stopping is trigger at epoch: 101
2021-10-24 18:36:40 - best_result@epoch 51:
0.2584      	0.5147      	0.1428      	0.1990      	0.1077      	0.1195      
2021-10-24 18:36:40 - ########################### end training ###########################
