2021-10-24 16:29:23 - Loading interaction records from folder: D:/OneDrive - mail.ustc.edu.cn/PythonProjects/GCM-master/dataset/Yelp-NC/ 
2021-10-24 16:29:31 - 
num_user_features=24
num_user_fields=2
num_item_features=68
num_item_fields=3
num_context_features=13209
num_context_fields=5
2021-10-24 16:29:31 - context feature name: city,month,hour,DoW,last
2021-10-24 16:29:32 - "num_users": 6336,"num_items":13003,"num_valid_items":12902, "num_ratings":185408
2021-10-24 16:29:32 - Data Loading is Done!
2021-10-24 16:29:32 - HyperParamters:
dataset=Yelp-NC
epoch=100
batch_size=2048
test_batch_size=1000
hidden_factor=64
merge_type=sum
num_gcn_layers=2
gcn_layer_weight=[0.3333333333333333, 0.3333333333333333, 0.3333333333333333]
lr=0.001
loss_type=log_loss
num_negatives=4
decoder_type=FM
optimizer=AdamOptimizer
reg=0.001
adj_norm_type=ls
test_interval=1
stop_cnt=50
topk=[10,50]
init_method=xavier_normal
stddev=0.01
pretrain=0
save_flag=0
model_name=GCM
2021-10-24 16:29:39 - ########################### begin training ###########################
2021-10-24 16:29:39 - metrics:	HitRatio@10 	HitRatio@50 	NDCG@10     	NDCG@50     	MRR@10      	MRR@50      
2021-10-24 16:30:13 - epoch 0:	0.0208      	0.0663      	0.0096      	0.0193      	0.0063      	0.0082      
2021-10-24 16:30:35 - [iter 1 : loss: 0.539732 = 0.539659 + 0.000073, time: 21.1 = 2.2 + 18.8]
2021-10-24 16:30:36 - [Validation loss @ 1: 0.3888 = 0.3887 + 0.0001]
2021-10-24 16:31:09 - Find a better model.
2021-10-24 16:31:09 - epoch 1:	0.0625      	0.1665      	0.0307      	0.0532      	0.0211      	0.0257      
2021-10-24 16:31:25 - [iter 2 : loss: 0.312359 = 0.312249 + 0.000110, time: 16.6 = 2.3 + 14.4]
2021-10-24 16:31:26 - [Validation loss @ 2: 0.3592 = 0.3590 + 0.0002]
2021-10-24 16:31:59 - Find a better model.
2021-10-24 16:31:59 - epoch 2:	0.0701      	0.1845      	0.0355      	0.0601      	0.0250      	0.0300      
2021-10-24 16:32:16 - [iter 3 : loss: 0.281241 = 0.281077 + 0.000165, time: 16.9 = 2.2 + 14.6]
2021-10-24 16:32:16 - [Validation loss @ 3: 0.3483 = 0.3480 + 0.0002]
2021-10-24 16:32:49 - Find a better model.
2021-10-24 16:32:49 - epoch 3:	0.0767      	0.1976      	0.0391      	0.0652      	0.0277      	0.0330      
2021-10-24 16:33:06 - [iter 4 : loss: 0.262318 = 0.262086 + 0.000232, time: 16.7 = 2.3 + 14.4]
2021-10-24 16:33:06 - [Validation loss @ 4: 0.3371 = 0.3367 + 0.0003]
2021-10-24 16:33:39 - Find a better model.
2021-10-24 16:33:39 - epoch 4:	0.0805      	0.2061      	0.0420      	0.0691      	0.0303      	0.0358      
2021-10-24 16:33:56 - [iter 5 : loss: 0.246795 = 0.246480 + 0.000315, time: 16.7 = 2.3 + 14.4]
2021-10-24 16:33:56 - [Validation loss @ 5: 0.3337 = 0.3333 + 0.0004]
2021-10-24 16:34:29 - Find a better model.
2021-10-24 16:34:29 - epoch 5:	0.0829      	0.2116      	0.0435      	0.0715      	0.0316      	0.0373      
2021-10-24 16:34:46 - [iter 6 : loss: 0.232864 = 0.232449 + 0.000415, time: 16.7 = 2.3 + 14.4]
2021-10-24 16:34:46 - [Validation loss @ 6: 0.3302 = 0.3297 + 0.0006]
2021-10-24 16:35:20 - Find a better model.
2021-10-24 16:35:20 - epoch 6:	0.0878      	0.2186      	0.0454      	0.0737      	0.0326      	0.0383      
2021-10-24 16:35:36 - [iter 7 : loss: 0.221500 = 0.220967 + 0.000533, time: 16.7 = 2.3 + 14.5]
2021-10-24 16:35:37 - [Validation loss @ 7: 0.3315 = 0.3308 + 0.0007]
2021-10-24 16:36:10 - Find a better model.
2021-10-24 16:36:10 - epoch 7:	0.0895      	0.2244      	0.0462      	0.0754      	0.0331      	0.0391      
2021-10-24 16:36:27 - [iter 8 : loss: 0.210666 = 0.209999 + 0.000668, time: 17.0 = 2.3 + 14.7]
2021-10-24 16:36:27 - [Validation loss @ 8: 0.3294 = 0.3286 + 0.0008]
2021-10-24 16:37:01 - Find a better model.
2021-10-24 16:37:01 - epoch 8:	0.0908      	0.2290      	0.0468      	0.0768      	0.0335      	0.0397      
2021-10-24 16:37:17 - [iter 9 : loss: 0.200846 = 0.200031 + 0.000814, time: 16.7 = 2.3 + 14.5]
2021-10-24 16:37:18 - [Validation loss @ 9: 0.3358 = 0.3348 + 0.0010]
2021-10-24 16:37:51 - Find a better model.
2021-10-24 16:37:51 - epoch 9:	0.0950      	0.2348      	0.0491      	0.0793      	0.0351      	0.0413      
2021-10-24 16:38:08 - [iter 10 : loss: 0.193021 = 0.192050 + 0.000971, time: 16.8 = 2.3 + 14.6]
2021-10-24 16:38:08 - [Validation loss @ 10: 0.3397 = 0.3385 + 0.0012]
2021-10-24 16:38:42 - Find a better model.
2021-10-24 16:38:42 - epoch 10:	0.0949      	0.2356      	0.0493      	0.0797      	0.0355      	0.0417      
2021-10-24 16:38:58 - [iter 11 : loss: 0.184464 = 0.183329 + 0.001135, time: 16.8 = 2.3 + 14.6]
2021-10-24 16:38:59 - [Validation loss @ 11: 0.3303 = 0.3290 + 0.0014]
2021-10-24 16:39:32 - Find a better model.
2021-10-24 16:39:32 - epoch 11:	0.0955      	0.2304      	0.0493      	0.0787      	0.0353      	0.0414      
2021-10-24 16:39:49 - [iter 12 : loss: 0.177331 = 0.176028 + 0.001303, time: 16.8 = 2.3 + 14.5]
2021-10-24 16:39:49 - [Validation loss @ 12: 0.3428 = 0.3412 + 0.0015]
2021-10-24 16:40:22 - Find a better model.
2021-10-24 16:40:22 - epoch 12:	0.0974      	0.2391      	0.0513      	0.0821      	0.0373      	0.0437      
2021-10-24 16:40:39 - [iter 13 : loss: 0.171449 = 0.169976 + 0.001473, time: 16.6 = 2.2 + 14.4]
2021-10-24 16:40:39 - [Validation loss @ 13: 0.3509 = 0.3492 + 0.0017]
2021-10-24 16:41:13 - Find a better model.
2021-10-24 16:41:13 - epoch 13:	0.0985      	0.2434      	0.0515      	0.0829      	0.0373      	0.0437      
2021-10-24 16:41:30 - [iter 14 : loss: 0.164842 = 0.163199 + 0.001643, time: 16.9 = 2.3 + 14.6]
2021-10-24 16:41:30 - [Validation loss @ 14: 0.3497 = 0.3477 + 0.0019]
2021-10-24 16:42:03 - epoch 14:	0.0974      	0.2445      	0.0509      	0.0828      	0.0369      	0.0434      
2021-10-24 16:42:20 - [iter 15 : loss: 0.159176 = 0.157362 + 0.001814, time: 16.5 = 2.2 + 14.3]
2021-10-24 16:42:20 - [Validation loss @ 15: 0.3604 = 0.3583 + 0.0021]
2021-10-24 16:42:53 - Find a better model.
2021-10-24 16:42:53 - epoch 15:	0.0990      	0.2484      	0.0518      	0.0841      	0.0376      	0.0442      
2021-10-24 16:43:10 - [iter 16 : loss: 0.155446 = 0.153461 + 0.001985, time: 16.8 = 2.3 + 14.5]
2021-10-24 16:43:10 - [Validation loss @ 16: 0.3686 = 0.3663 + 0.0023]
2021-10-24 16:43:43 - epoch 16:	0.0971      	0.2465      	0.0511      	0.0836      	0.0372      	0.0439      
2021-10-24 16:44:00 - [iter 17 : loss: 0.149959 = 0.147802 + 0.002157, time: 16.6 = 2.2 + 14.4]
2021-10-24 16:44:00 - [Validation loss @ 17: 0.3646 = 0.3621 + 0.0025]
2021-10-24 16:44:34 - Find a better model.
2021-10-24 16:44:34 - epoch 17:	0.0996      	0.2459      	0.0524      	0.0841      	0.0382      	0.0447      
2021-10-24 16:44:51 - [iter 18 : loss: 0.144830 = 0.142500 + 0.002330, time: 16.7 = 2.3 + 14.4]
2021-10-24 16:44:51 - [Validation loss @ 18: 0.3709 = 0.3682 + 0.0027]
2021-10-24 16:45:24 - epoch 18:	0.0983      	0.2465      	0.0525      	0.0846      	0.0387      	0.0452      
2021-10-24 16:45:41 - [iter 19 : loss: 0.141090 = 0.138589 + 0.002501, time: 16.9 = 2.2 + 14.7]
2021-10-24 16:45:41 - [Validation loss @ 19: 0.3829 = 0.3800 + 0.0029]
2021-10-24 16:46:14 - epoch 19:	0.0969      	0.2476      	0.0518      	0.0845      	0.0382      	0.0449      
2021-10-24 16:46:31 - [iter 20 : loss: 0.137306 = 0.134635 + 0.002670, time: 16.8 = 2.2 + 14.5]
2021-10-24 16:46:32 - [Validation loss @ 20: 0.3834 = 0.3804 + 0.0031]
2021-10-24 16:47:05 - epoch 20:	0.0967      	0.2479      	0.0518      	0.0845      	0.0382      	0.0449      
2021-10-24 16:47:22 - [iter 21 : loss: 0.134049 = 0.131207 + 0.002841, time: 16.5 = 2.2 + 14.2]
2021-10-24 16:47:22 - [Validation loss @ 21: 0.3971 = 0.3938 + 0.0033]
2021-10-24 16:47:55 - Find a better model.
2021-10-24 16:47:55 - epoch 21:	0.0997      	0.2446      	0.0531      	0.0844      	0.0390      	0.0454      
2021-10-24 16:48:11 - [iter 22 : loss: 0.130619 = 0.127606 + 0.003013, time: 16.6 = 2.2 + 14.3]
2021-10-24 16:48:12 - [Validation loss @ 22: 0.3975 = 0.3940 + 0.0035]
2021-10-24 16:48:45 - epoch 22:	0.0991      	0.2473      	0.0527      	0.0849      	0.0388      	0.0453      
2021-10-24 16:49:01 - [iter 23 : loss: 0.127574 = 0.124396 + 0.003178, time: 16.6 = 2.2 + 14.4]
2021-10-24 16:49:01 - [Validation loss @ 23: 0.4079 = 0.4043 + 0.0037]
2021-10-24 16:49:34 - Find a better model.
2021-10-24 16:49:34 - epoch 23:	0.1002      	0.2484      	0.0533      	0.0853      	0.0392      	0.0457      
2021-10-24 16:49:51 - [iter 24 : loss: 0.125001 = 0.121658 + 0.003343, time: 16.8 = 2.2 + 14.6]
2021-10-24 16:49:52 - [Validation loss @ 24: 0.4093 = 0.4055 + 0.0038]
2021-10-24 16:50:25 - epoch 24:	0.0990      	0.2465      	0.0530      	0.0849      	0.0390      	0.0456      
2021-10-24 16:50:41 - [iter 25 : loss: 0.122286 = 0.118777 + 0.003509, time: 16.5 = 2.2 + 14.3]
2021-10-24 16:50:41 - [Validation loss @ 25: 0.4126 = 0.4086 + 0.0040]
2021-10-24 16:51:15 - epoch 25:	0.0990      	0.2470      	0.0531      	0.0852      	0.0393      	0.0459      
2021-10-24 16:51:32 - [iter 26 : loss: 0.120019 = 0.116346 + 0.003672, time: 16.8 = 2.3 + 14.5]
2021-10-24 16:51:32 - [Validation loss @ 26: 0.4391 = 0.4349 + 0.0042]
2021-10-24 16:52:05 - Find a better model.
2021-10-24 16:52:05 - epoch 26:	0.1026      	0.2479      	0.0540      	0.0855      	0.0394      	0.0458      
2021-10-24 16:52:22 - [iter 27 : loss: 0.117346 = 0.113511 + 0.003835, time: 16.6 = 2.2 + 14.4]
2021-10-24 16:52:22 - [Validation loss @ 27: 0.4520 = 0.4475 + 0.0044]
2021-10-24 16:52:55 - epoch 27:	0.1018      	0.2456      	0.0538      	0.0849      	0.0393      	0.0456      
2021-10-24 16:53:12 - [iter 28 : loss: 0.114678 = 0.110681 + 0.003996, time: 16.8 = 2.3 + 14.4]
2021-10-24 16:53:13 - [Validation loss @ 28: 0.4536 = 0.4490 + 0.0046]
2021-10-24 16:53:46 - epoch 28:	0.0996      	0.2464      	0.0529      	0.0846      	0.0387      	0.0452      
2021-10-24 16:54:02 - [iter 29 : loss: 0.112277 = 0.108120 + 0.004157, time: 16.6 = 2.2 + 14.4]
2021-10-24 16:54:02 - [Validation loss @ 29: 0.4500 = 0.4452 + 0.0048]
2021-10-24 16:54:35 - epoch 29:	0.1016      	0.2451      	0.0539      	0.0850      	0.0395      	0.0459      
2021-10-24 16:54:52 - [iter 30 : loss: 0.109528 = 0.105214 + 0.004314, time: 16.6 = 2.2 + 14.4]
2021-10-24 16:54:52 - [Validation loss @ 30: 0.4677 = 0.4627 + 0.0050]
2021-10-24 16:55:25 - epoch 30:	0.1018      	0.2465      	0.0534      	0.0847      	0.0388      	0.0451      
2021-10-24 16:55:42 - [iter 31 : loss: 0.108724 = 0.104253 + 0.004471, time: 16.8 = 2.3 + 14.6]
2021-10-24 16:55:42 - [Validation loss @ 31: 0.4810 = 0.4759 + 0.0052]
2021-10-24 16:56:16 - Find a better model.
2021-10-24 16:56:16 - epoch 31:	0.1031      	0.2453      	0.0544      	0.0850      	0.0397      	0.0459      
2021-10-24 16:56:33 - [iter 32 : loss: 0.107198 = 0.102572 + 0.004626, time: 16.9 = 2.3 + 14.6]
2021-10-24 16:56:34 - [Validation loss @ 32: 0.4810 = 0.4756 + 0.0054]
2021-10-24 16:57:07 - Find a better model.
2021-10-24 16:57:07 - epoch 32:	0.1042      	0.2451      	0.0546      	0.0850      	0.0396      	0.0458      
2021-10-24 16:57:24 - [iter 33 : loss: 0.104529 = 0.099752 + 0.004776, time: 16.6 = 2.2 + 14.3]
2021-10-24 16:57:24 - [Validation loss @ 33: 0.5079 = 0.5024 + 0.0055]
2021-10-24 16:57:58 - epoch 33:	0.1026      	0.2472      	0.0541      	0.0854      	0.0394      	0.0458      
2021-10-24 16:58:15 - [iter 34 : loss: 0.103250 = 0.098323 + 0.004926, time: 16.8 = 2.3 + 14.5]
2021-10-24 16:58:15 - [Validation loss @ 34: 0.4855 = 0.4798 + 0.0057]
2021-10-24 16:58:49 - epoch 34:	0.0999      	0.2446      	0.0532      	0.0846      	0.0390      	0.0455      
2021-10-24 16:59:05 - [iter 35 : loss: 0.101230 = 0.096153 + 0.005077, time: 16.6 = 2.2 + 14.4]
2021-10-24 16:59:05 - [Validation loss @ 35: 0.5044 = 0.4985 + 0.0059]
2021-10-24 16:59:39 - epoch 35:	0.1016      	0.2427      	0.0540      	0.0845      	0.0396      	0.0459      
2021-10-24 16:59:55 - [iter 36 : loss: 0.099865 = 0.094643 + 0.005222, time: 16.6 = 2.2 + 14.4]
2021-10-24 16:59:56 - [Validation loss @ 36: 0.5156 = 0.5095 + 0.0061]
2021-10-24 17:00:30 - epoch 36:	0.1016      	0.2448      	0.0543      	0.0853      	0.0400      	0.0464      
2021-10-24 17:00:47 - [iter 37 : loss: 0.098354 = 0.092985 + 0.005369, time: 17.0 = 2.3 + 14.7]
2021-10-24 17:00:47 - [Validation loss @ 37: 0.5217 = 0.5155 + 0.0062]
2021-10-24 17:01:21 - epoch 37:	0.1002      	0.2424      	0.0538      	0.0846      	0.0397      	0.0460      
2021-10-24 17:01:38 - [iter 38 : loss: 0.097645 = 0.092134 + 0.005511, time: 16.9 = 2.3 + 14.6]
2021-10-24 17:01:38 - [Validation loss @ 38: 0.5472 = 0.5407 + 0.0064]
2021-10-24 17:02:12 - epoch 38:	0.1013      	0.2434      	0.0542      	0.0849      	0.0399      	0.0462      
2021-10-24 17:02:28 - [iter 39 : loss: 0.096046 = 0.090394 + 0.005651, time: 16.6 = 2.3 + 14.4]
2021-10-24 17:02:29 - [Validation loss @ 39: 0.5667 = 0.5601 + 0.0066]
2021-10-24 17:03:02 - epoch 39:	0.1021      	0.2434      	0.0546      	0.0852      	0.0402      	0.0465      
2021-10-24 17:03:19 - [iter 40 : loss: 0.094587 = 0.088800 + 0.005787, time: 16.7 = 2.3 + 14.5]
2021-10-24 17:03:19 - [Validation loss @ 40: 0.5376 = 0.5309 + 0.0068]
2021-10-24 17:03:53 - epoch 40:	0.1007      	0.2420      	0.0536      	0.0841      	0.0394      	0.0456      
2021-10-24 17:04:09 - [iter 41 : loss: 0.093939 = 0.088017 + 0.005922, time: 16.7 = 2.2 + 14.5]
2021-10-24 17:04:10 - [Validation loss @ 41: 0.5590 = 0.5521 + 0.0069]
2021-10-24 17:04:43 - epoch 41:	0.1002      	0.2426      	0.0538      	0.0847      	0.0398      	0.0462      
2021-10-24 17:05:00 - [iter 42 : loss: 0.092201 = 0.086146 + 0.006055, time: 16.8 = 2.2 + 14.5]
2021-10-24 17:05:00 - [Validation loss @ 42: 0.5607 = 0.5536 + 0.0071]
2021-10-24 17:05:33 - epoch 42:	0.0993      	0.2410      	0.0535      	0.0843      	0.0396      	0.0459      
2021-10-24 17:05:50 - [iter 43 : loss: 0.090906 = 0.084715 + 0.006191, time: 16.9 = 2.3 + 14.6]
2021-10-24 17:05:51 - [Validation loss @ 43: 0.5719 = 0.5647 + 0.0073]
2021-10-24 17:06:25 - epoch 43:	0.1007      	0.2405      	0.0541      	0.0844      	0.0401      	0.0463      
2021-10-24 17:06:41 - [iter 44 : loss: 0.090281 = 0.083961 + 0.006319, time: 16.6 = 2.3 + 14.4]
2021-10-24 17:06:42 - [Validation loss @ 44: 0.5673 = 0.5598 + 0.0074]
2021-10-24 17:07:15 - epoch 44:	0.1001      	0.2383      	0.0540      	0.0840      	0.0401      	0.0463      
2021-10-24 17:07:32 - [iter 45 : loss: 0.088858 = 0.082408 + 0.006450, time: 17.0 = 2.3 + 14.7]
2021-10-24 17:07:33 - [Validation loss @ 45: 0.6015 = 0.5939 + 0.0076]
2021-10-24 17:08:07 - epoch 45:	0.0993      	0.2410      	0.0537      	0.0846      	0.0399      	0.0463      
2021-10-24 17:08:24 - [iter 46 : loss: 0.088078 = 0.081499 + 0.006579, time: 16.9 = 2.3 + 14.7]
2021-10-24 17:08:24 - [Validation loss @ 46: 0.5974 = 0.5897 + 0.0077]
2021-10-24 17:08:58 - epoch 46:	0.0994      	0.2401      	0.0542      	0.0848      	0.0405      	0.0468      
2021-10-24 17:09:15 - [iter 47 : loss: 0.086669 = 0.079963 + 0.006706, time: 16.9 = 2.3 + 14.6]
2021-10-24 17:09:16 - [Validation loss @ 47: 0.5937 = 0.5858 + 0.0079]
2021-10-24 17:09:50 - epoch 47:	0.1002      	0.2407      	0.0539      	0.0845      	0.0399      	0.0462      
2021-10-24 17:10:07 - [iter 48 : loss: 0.085669 = 0.078838 + 0.006831, time: 16.9 = 2.3 + 14.6]
2021-10-24 17:10:07 - [Validation loss @ 48: 0.6144 = 0.6063 + 0.0081]
2021-10-24 17:10:41 - epoch 48:	0.0986      	0.2404      	0.0536      	0.0845      	0.0399      	0.0463      
2021-10-24 17:10:57 - [iter 49 : loss: 0.085046 = 0.078095 + 0.006952, time: 16.9 = 2.2 + 14.7]
2021-10-24 17:10:58 - [Validation loss @ 49: 0.6329 = 0.6247 + 0.0082]
2021-10-24 17:11:32 - epoch 49:	0.0988      	0.2394      	0.0536      	0.0842      	0.0399      	0.0463      
2021-10-24 17:11:49 - [iter 50 : loss: 0.084665 = 0.077597 + 0.007068, time: 16.8 = 2.3 + 14.6]
2021-10-24 17:11:49 - [Validation loss @ 50: 0.5962 = 0.5878 + 0.0084]
2021-10-24 17:12:23 - epoch 50:	0.0988      	0.2358      	0.0538      	0.0837      	0.0402      	0.0464      
2021-10-24 17:12:41 - [iter 51 : loss: 0.082504 = 0.075314 + 0.007190, time: 17.2 = 2.3 + 14.9]
2021-10-24 17:12:41 - [Validation loss @ 51: 0.6177 = 0.6092 + 0.0085]
2021-10-24 17:13:15 - epoch 51:	0.0988      	0.2352      	0.0536      	0.0833      	0.0399      	0.0461      
2021-10-24 17:13:32 - [iter 52 : loss: 0.082926 = 0.075620 + 0.007306, time: 17.0 = 2.3 + 14.7]
2021-10-24 17:13:32 - [Validation loss @ 52: 0.6443 = 0.6356 + 0.0086]
2021-10-24 17:14:07 - epoch 52:	0.0997      	0.2353      	0.0541      	0.0837      	0.0403      	0.0464      
2021-10-24 17:14:23 - [iter 53 : loss: 0.082398 = 0.074976 + 0.007422, time: 16.9 = 2.3 + 14.7]
2021-10-24 17:14:24 - [Validation loss @ 53: 0.6256 = 0.6168 + 0.0088]
2021-10-24 17:14:58 - epoch 53:	0.0988      	0.2347      	0.0533      	0.0829      	0.0395      	0.0456      
2021-10-24 17:15:15 - [iter 54 : loss: 0.081710 = 0.074179 + 0.007531, time: 17.1 = 2.3 + 14.8]
2021-10-24 17:15:15 - [Validation loss @ 54: 0.6511 = 0.6422 + 0.0089]
2021-10-24 17:15:49 - epoch 54:	0.1005      	0.2402      	0.0546      	0.0848      	0.0407      	0.0469      
2021-10-24 17:16:06 - [iter 55 : loss: 0.081400 = 0.073758 + 0.007642, time: 16.8 = 2.3 + 14.5]
2021-10-24 17:16:07 - [Validation loss @ 55: 0.6450 = 0.6360 + 0.0091]
2021-10-24 17:16:40 - epoch 55:	0.1001      	0.2360      	0.0542      	0.0838      	0.0403      	0.0464      
2021-10-24 17:16:57 - [iter 56 : loss: 0.080096 = 0.072351 + 0.007745, time: 16.5 = 2.2 + 14.3]
2021-10-24 17:16:57 - [Validation loss @ 56: 0.6760 = 0.6668 + 0.0092]
2021-10-24 17:17:30 - epoch 56:	0.1015      	0.2361      	0.0547      	0.0839      	0.0406      	0.0466      
2021-10-24 17:17:47 - [iter 57 : loss: 0.078933 = 0.071083 + 0.007851, time: 16.8 = 2.2 + 14.5]
2021-10-24 17:17:47 - [Validation loss @ 57: 0.6818 = 0.6724 + 0.0093]
2021-10-24 17:18:21 - epoch 57:	0.1016      	0.2377      	0.0553      	0.0848      	0.0413      	0.0474      
2021-10-24 17:18:37 - [iter 58 : loss: 0.078895 = 0.070936 + 0.007959, time: 16.7 = 2.2 + 14.4]
2021-10-24 17:18:38 - [Validation loss @ 58: 0.6757 = 0.6662 + 0.0095]
2021-10-24 17:19:11 - epoch 58:	0.0999      	0.2366      	0.0539      	0.0837      	0.0401      	0.0462      
2021-10-24 17:19:28 - [iter 59 : loss: 0.078383 = 0.070324 + 0.008059, time: 16.7 = 2.3 + 14.4]
2021-10-24 17:19:28 - [Validation loss @ 59: 0.6985 = 0.6889 + 0.0096]
2021-10-24 17:20:02 - epoch 59:	0.1001      	0.2361      	0.0545      	0.0840      	0.0407      	0.0467      
2021-10-24 17:20:19 - [iter 60 : loss: 0.077937 = 0.069773 + 0.008164, time: 16.9 = 2.2 + 14.6]
2021-10-24 17:20:19 - [Validation loss @ 60: 0.6837 = 0.6739 + 0.0097]
2021-10-24 17:20:53 - epoch 60:	0.0996      	0.2367      	0.0539      	0.0837      	0.0401      	0.0462      
2021-10-24 17:21:10 - [iter 61 : loss: 0.076772 = 0.068508 + 0.008264, time: 17.1 = 2.3 + 14.8]
2021-10-24 17:21:10 - [Validation loss @ 61: 0.6980 = 0.6882 + 0.0099]
2021-10-24 17:21:44 - epoch 61:	0.1010      	0.2375      	0.0545      	0.0841      	0.0405      	0.0466      
2021-10-24 17:22:01 - [iter 62 : loss: 0.076138 = 0.067774 + 0.008364, time: 16.8 = 2.3 + 14.6]
2021-10-24 17:22:02 - [Validation loss @ 62: 0.7010 = 0.6910 + 0.0100]
2021-10-24 17:22:36 - epoch 62:	0.1004      	0.2347      	0.0546      	0.0837      	0.0408      	0.0468      
2021-10-24 17:22:52 - [iter 63 : loss: 0.076244 = 0.067786 + 0.008458, time: 16.8 = 2.3 + 14.5]
2021-10-24 17:22:53 - [Validation loss @ 63: 0.7136 = 0.7035 + 0.0101]
2021-10-24 17:23:27 - epoch 63:	0.0985      	0.2347      	0.0536      	0.0832      	0.0401      	0.0462      
2021-10-24 17:23:43 - [iter 64 : loss: 0.075881 = 0.067327 + 0.008554, time: 16.6 = 2.3 + 14.4]
2021-10-24 17:23:44 - [Validation loss @ 64: 0.7099 = 0.6997 + 0.0102]
2021-10-24 17:24:17 - epoch 64:	0.0999      	0.2331      	0.0542      	0.0832      	0.0404      	0.0464      
2021-10-24 17:24:33 - [iter 65 : loss: 0.074505 = 0.065859 + 0.008646, time: 16.7 = 2.2 + 14.4]
2021-10-24 17:24:34 - [Validation loss @ 65: 0.7220 = 0.7116 + 0.0104]
2021-10-24 17:25:07 - epoch 65:	0.1018      	0.2353      	0.0549      	0.0839      	0.0409      	0.0468      
2021-10-24 17:25:24 - [iter 66 : loss: 0.074865 = 0.066127 + 0.008737, time: 16.9 = 2.3 + 14.6]
2021-10-24 17:25:25 - [Validation loss @ 66: 0.7370 = 0.7266 + 0.0105]
2021-10-24 17:25:58 - epoch 66:	0.1002      	0.2344      	0.0540      	0.0831      	0.0401      	0.0461      
2021-10-24 17:26:15 - [iter 67 : loss: 0.073964 = 0.065137 + 0.008827, time: 16.8 = 2.3 + 14.5]
2021-10-24 17:26:15 - [Validation loss @ 67: 0.7436 = 0.7330 + 0.0106]
2021-10-24 17:26:49 - epoch 67:	0.1009      	0.2328      	0.0548      	0.0834      	0.0409      	0.0468      
2021-10-24 17:27:05 - [iter 68 : loss: 0.073825 = 0.064910 + 0.008914, time: 16.6 = 2.2 + 14.3]
2021-10-24 17:27:06 - [Validation loss @ 68: 0.7319 = 0.7212 + 0.0107]
2021-10-24 17:27:39 - epoch 68:	0.0991      	0.2363      	0.0541      	0.0838      	0.0405      	0.0466      
2021-10-24 17:27:56 - [iter 69 : loss: 0.072943 = 0.063940 + 0.009003, time: 16.8 = 2.2 + 14.6]
2021-10-24 17:27:56 - [Validation loss @ 69: 0.7535 = 0.7427 + 0.0108]
2021-10-24 17:28:30 - epoch 69:	0.0990      	0.2339      	0.0538      	0.0831      	0.0401      	0.0462      
2021-10-24 17:28:47 - [iter 70 : loss: 0.074067 = 0.064979 + 0.009088, time: 16.9 = 2.2 + 14.7]
2021-10-24 17:28:47 - [Validation loss @ 70: 0.7623 = 0.7513 + 0.0110]
2021-10-24 17:29:21 - epoch 70:	0.1001      	0.2350      	0.0544      	0.0837      	0.0407      	0.0467      
2021-10-24 17:29:38 - [iter 71 : loss: 0.071993 = 0.062821 + 0.009172, time: 16.9 = 2.3 + 14.6]
2021-10-24 17:29:38 - [Validation loss @ 71: 0.7745 = 0.7635 + 0.0111]
2021-10-24 17:30:12 - epoch 71:	0.0991      	0.2344      	0.0542      	0.0837      	0.0407      	0.0468      
2021-10-24 17:30:29 - [iter 72 : loss: 0.071202 = 0.061948 + 0.009253, time: 16.9 = 2.3 + 14.6]
2021-10-24 17:30:30 - [Validation loss @ 72: 0.7890 = 0.7778 + 0.0112]
2021-10-24 17:31:03 - epoch 72:	0.0991      	0.2323      	0.0541      	0.0830      	0.0404      	0.0464      
2021-10-24 17:31:20 - [iter 73 : loss: 0.071638 = 0.062302 + 0.009337, time: 16.7 = 2.3 + 14.5]
2021-10-24 17:31:20 - [Validation loss @ 73: 0.7682 = 0.7569 + 0.0113]
2021-10-24 17:31:53 - epoch 73:	0.0994      	0.2314      	0.0537      	0.0824      	0.0399      	0.0458      
2021-10-24 17:32:10 - [iter 74 : loss: 0.070337 = 0.060920 + 0.009416, time: 16.6 = 2.3 + 14.3]
2021-10-24 17:32:10 - [Validation loss @ 74: 0.7712 = 0.7598 + 0.0114]
2021-10-24 17:32:44 - epoch 74:	0.0997      	0.2300      	0.0541      	0.0825      	0.0404      	0.0462      
2021-10-24 17:33:01 - [iter 75 : loss: 0.071002 = 0.061503 + 0.009499, time: 16.8 = 2.3 + 14.5]
2021-10-24 17:33:01 - [Validation loss @ 75: 0.8108 = 0.7993 + 0.0115]
2021-10-24 17:33:35 - epoch 75:	0.0996      	0.2318      	0.0539      	0.0826      	0.0401      	0.0460      
2021-10-24 17:33:52 - [iter 76 : loss: 0.070391 = 0.060813 + 0.009578, time: 16.8 = 2.3 + 14.5]
2021-10-24 17:33:52 - [Validation loss @ 76: 0.7977 = 0.7861 + 0.0116]
2021-10-24 17:34:25 - epoch 76:	0.0994      	0.2315      	0.0537      	0.0823      	0.0398      	0.0458      
2021-10-24 17:34:43 - [iter 77 : loss: 0.070772 = 0.061121 + 0.009652, time: 17.4 = 2.2 + 15.2]
2021-10-24 17:34:43 - [Validation loss @ 77: 0.7857 = 0.7740 + 0.0117]
2021-10-24 17:35:17 - epoch 77:	0.1001      	0.2312      	0.0544      	0.0828      	0.0406      	0.0464      
2021-10-24 17:35:34 - [iter 78 : loss: 0.069819 = 0.060095 + 0.009725, time: 17.5 = 2.3 + 15.3]
2021-10-24 17:35:34 - [Validation loss @ 78: 0.8146 = 0.8028 + 0.0118]
2021-10-24 17:36:09 - epoch 78:	0.0986      	0.2314      	0.0537      	0.0824      	0.0401      	0.0460      
2021-10-24 17:36:26 - [iter 79 : loss: 0.069281 = 0.059486 + 0.009795, time: 17.0 = 2.3 + 14.7]
2021-10-24 17:36:26 - [Validation loss @ 79: 0.8157 = 0.8038 + 0.0119]
2021-10-24 17:37:01 - epoch 79:	0.1007      	0.2314      	0.0547      	0.0831      	0.0409      	0.0467      
2021-10-24 17:37:18 - [iter 80 : loss: 0.068855 = 0.058989 + 0.009866, time: 16.9 = 2.3 + 14.6]
2021-10-24 17:37:18 - [Validation loss @ 80: 0.8235 = 0.8115 + 0.0120]
2021-10-24 17:37:52 - epoch 80:	0.0983      	0.2304      	0.0539      	0.0826      	0.0404      	0.0463      
2021-10-24 17:38:09 - [iter 81 : loss: 0.069000 = 0.059061 + 0.009939, time: 17.1 = 2.3 + 14.8]
2021-10-24 17:38:10 - [Validation loss @ 81: 0.8111 = 0.7990 + 0.0121]
2021-10-24 17:38:44 - epoch 81:	0.0991      	0.2293      	0.0537      	0.0820      	0.0400      	0.0459      
2021-10-24 17:39:01 - [iter 82 : loss: 0.068185 = 0.058176 + 0.010009, time: 17.0 = 2.3 + 14.7]
2021-10-24 17:39:02 - [Validation loss @ 82: 0.8151 = 0.8029 + 0.0122]
2021-10-24 17:39:36 - Early stopping is trigger at epoch: 82
2021-10-24 17:39:36 - best_result@epoch 32:
0.1042      	0.2451      	0.0546      	0.0850      	0.0396      	0.0458      
2021-10-24 17:39:36 - ########################### end training ###########################
